09:06:06.807 [background-preinit] INFO  o.h.v.i.util.Version - [<clinit>,21] - HV000001: Hibernate Validator 6.1.7.Final
09:06:06.813 [restartedMain] INFO  c.z.e.s.v.VrServiceApplication - [logStarting,55] - Starting VrServiceApplication using Java 1.8.0_271 on yangj with PID 19412 (D:\Java_Tools\IntelliJ IDEA_WorkPlace\edu-vr\edu-vr-service\target\classes started by ZJ in D:\Java_Tools\IntelliJ IDEA_WorkPlace\edu-vr)
09:06:06.814 [restartedMain] INFO  c.z.e.s.v.VrServiceApplication - [logStartupProfileInfo,668] - The following profiles are active: dev
09:06:06.847 [restartedMain] INFO  o.s.b.d.e.DevToolsPropertyDefaultsPostProcessor - [logTo,255] - Devtools property defaults active! Set 'spring.devtools.add-properties' to 'false' to disable
09:06:06.848 [restartedMain] INFO  o.s.b.d.e.DevToolsPropertyDefaultsPostProcessor - [logTo,255] - For additional web related logging consider setting the 'logging.level.web' property to 'DEBUG'
09:06:07.798 [restartedMain] INFO  o.s.d.r.c.RepositoryConfigurationDelegate - [multipleStoresDetected,250] - Multiple Spring Data modules found, entering strict repository configuration mode!
09:06:07.799 [restartedMain] INFO  o.s.d.r.c.RepositoryConfigurationDelegate - [registerRepositoriesIn,128] - Bootstrapping Spring Data Redis repositories in DEFAULT mode.
09:06:07.814 [restartedMain] INFO  o.s.d.r.c.RepositoryConfigurationDelegate - [registerRepositoriesIn,188] - Finished Spring Data repository scanning in 4 ms. Found 0 Redis repository interfaces.
09:06:07.971 [restartedMain] INFO  o.s.c.c.s.GenericScope - [setSerializationId,283] - BeanFactory id=1f685f64-e102-3b0a-adf1-fb9d00641c0a
09:06:08.394 [restartedMain] INFO  o.s.b.w.e.t.TomcatWebServer - [initialize,108] - Tomcat initialized with port(s): 2090 (http)
09:06:08.402 [restartedMain] INFO  o.a.c.h.Http11NioProtocol - [log,173] - Initializing ProtocolHandler ["http-nio-2090"]
09:06:08.402 [restartedMain] INFO  o.a.c.c.StandardService - [log,173] - Starting service [Tomcat]
09:06:08.402 [restartedMain] INFO  o.a.c.c.StandardEngine - [log,173] - Starting Servlet engine: [Apache Tomcat/9.0.46]
09:06:08.476 [restartedMain] INFO  o.a.c.c.C.[.[.[/] - [log,173] - Initializing Spring embedded WebApplicationContext
09:06:08.476 [restartedMain] INFO  o.s.b.w.s.c.ServletWebServerApplicationContext - [prepareWebApplicationContext,289] - Root WebApplicationContext: initialization completed in 1628 ms
09:06:08.676 [restartedMain] INFO  org.redisson.Version - [logVersion,41] - Redisson 3.15.2
09:06:09.032 [redisson-netty-2-17] INFO  o.r.c.p.MasterPubSubConnectionPool - [lambda$run$0,165] - 1 connections initialized for localhost/127.0.0.1:6379
09:06:09.039 [redisson-netty-2-20] INFO  o.r.c.p.MasterConnectionPool - [lambda$run$0,165] - 24 connections initialized for localhost/127.0.0.1:6379
09:06:09.645 [restartedMain] INFO  o.s.b.a.e.w.EndpointLinksResolver - [<init>,58] - Exposing 2 endpoint(s) beneath base path '/actuator'
09:06:09.778 [restartedMain] INFO  o.s.b.d.a.OptionalLiveReloadServer - [startServer,58] - LiveReload server is running on port 35729
09:06:10.214 [restartedMain] INFO  o.a.c.h.Http11NioProtocol - [log,173] - Starting ProtocolHandler ["http-nio-2090"]
09:06:10.221 [restartedMain] INFO  o.s.b.w.e.t.TomcatWebServer - [start,220] - Tomcat started on port(s): 2090 (http) with context path ''
09:06:10.265 [restartedMain] INFO  c.a.c.n.r.NacosServiceRegistry - [register,75] - nacos registry, edu edu-vr-service 10.0.97.173:2090 register finished
09:06:10.595 [restartedMain] INFO  c.z.e.s.v.VrServiceApplication - [logStarted,61] - Started VrServiceApplication in 4.193 seconds (JVM running for 4.822)
09:06:10.600 [restartedMain] INFO  c.z.e.s.v.VrServiceApplication - [main,24] - ---------------------------职教云VR模块启动成功---------------------------
09:06:10.918 [RMI TCP Connection(1)-10.0.97.173] INFO  o.a.c.c.C.[.[.[/] - [log,173] - Initializing Spring DispatcherServlet 'dispatcherServlet'
09:06:10.918 [RMI TCP Connection(1)-10.0.97.173] INFO  o.s.w.s.DispatcherServlet - [initServletBean,525] - Initializing Servlet 'dispatcherServlet'
09:06:10.920 [RMI TCP Connection(1)-10.0.97.173] INFO  o.s.w.s.DispatcherServlet - [initServletBean,547] - Completed initialization in 2 ms
09:10:19.415 [SpringContextShutdownHook] INFO  c.a.c.n.r.NacosServiceRegistry - [deregister,90] - De-registering from Nacos Server now...
09:10:19.418 [SpringContextShutdownHook] INFO  c.a.c.n.r.NacosServiceRegistry - [deregister,110] - De-registration finished.
14:17:47.779 [background-preinit] INFO  o.h.v.i.util.Version - [<clinit>,21] - HV000001: Hibernate Validator 6.1.7.Final
14:17:47.782 [restartedMain] INFO  c.z.e.VrServiceApplication - [logStarting,55] - Starting VrServiceApplication using Java 1.8.0_271 on yangj with PID 13740 (D:\Java_Tools\IntelliJ IDEA_WorkPlace\edu-vr\edu-vr-admin\target\classes started by ZJ in D:\Java_Tools\IntelliJ IDEA_WorkPlace\edu-vr)
14:17:47.783 [restartedMain] INFO  c.z.e.VrServiceApplication - [logStartupProfileInfo,668] - The following profiles are active: dev
14:17:47.834 [restartedMain] INFO  o.s.b.d.e.DevToolsPropertyDefaultsPostProcessor - [logTo,255] - Devtools property defaults active! Set 'spring.devtools.add-properties' to 'false' to disable
14:17:47.835 [restartedMain] INFO  o.s.b.d.e.DevToolsPropertyDefaultsPostProcessor - [logTo,255] - For additional web related logging consider setting the 'logging.level.web' property to 'DEBUG'
14:17:48.902 [restartedMain] INFO  o.s.d.r.c.RepositoryConfigurationDelegate - [multipleStoresDetected,250] - Multiple Spring Data modules found, entering strict repository configuration mode!
14:17:48.904 [restartedMain] INFO  o.s.d.r.c.RepositoryConfigurationDelegate - [registerRepositoriesIn,128] - Bootstrapping Spring Data Redis repositories in DEFAULT mode.
14:17:48.922 [restartedMain] INFO  o.s.d.r.c.RepositoryConfigurationDelegate - [registerRepositoriesIn,188] - Finished Spring Data repository scanning in 7 ms. Found 0 Redis repository interfaces.
14:17:49.076 [restartedMain] INFO  o.s.c.c.s.GenericScope - [setSerializationId,283] - BeanFactory id=1f685f64-e102-3b0a-adf1-fb9d00641c0a
14:17:49.570 [restartedMain] INFO  o.s.b.w.e.t.TomcatWebServer - [initialize,108] - Tomcat initialized with port(s): 2090 (http)
14:17:49.577 [restartedMain] INFO  o.a.c.h.Http11NioProtocol - [log,173] - Initializing ProtocolHandler ["http-nio-2090"]
14:17:49.577 [restartedMain] INFO  o.a.c.c.StandardService - [log,173] - Starting service [Tomcat]
14:17:49.577 [restartedMain] INFO  o.a.c.c.StandardEngine - [log,173] - Starting Servlet engine: [Apache Tomcat/9.0.46]
14:17:49.655 [restartedMain] INFO  o.a.c.c.C.[.[.[/] - [log,173] - Initializing Spring embedded WebApplicationContext
14:17:49.655 [restartedMain] INFO  o.s.b.w.s.c.ServletWebServerApplicationContext - [prepareWebApplicationContext,289] - Root WebApplicationContext: initialization completed in 1819 ms
14:17:49.860 [restartedMain] INFO  org.redisson.Version - [logVersion,41] - Redisson 3.15.2
14:17:50.222 [redisson-netty-2-22] INFO  o.r.c.p.MasterPubSubConnectionPool - [lambda$run$0,165] - 1 connections initialized for localhost/127.0.0.1:6379
14:17:50.226 [redisson-netty-2-20] INFO  o.r.c.p.MasterConnectionPool - [lambda$run$0,165] - 24 connections initialized for localhost/127.0.0.1:6379
14:17:50.809 [restartedMain] INFO  o.s.b.a.e.w.EndpointLinksResolver - [<init>,58] - Exposing 2 endpoint(s) beneath base path '/actuator'
14:17:50.933 [restartedMain] INFO  o.s.b.d.a.OptionalLiveReloadServer - [startServer,58] - LiveReload server is running on port 35729
14:17:51.382 [restartedMain] INFO  o.a.c.h.Http11NioProtocol - [log,173] - Starting ProtocolHandler ["http-nio-2090"]
14:17:51.390 [restartedMain] INFO  o.s.b.w.e.t.TomcatWebServer - [start,220] - Tomcat started on port(s): 2090 (http) with context path ''
14:17:51.400 [restartedMain] INFO  c.a.c.n.r.NacosServiceRegistry - [register,75] - nacos registry, edu edu-vr-service 10.0.97.173:2090 register finished
14:17:51.627 [restartedMain] INFO  c.z.e.VrServiceApplication - [logStarted,61] - Started VrServiceApplication in 4.389 seconds (JVM running for 5.027)
14:17:51.632 [restartedMain] INFO  c.z.e.VrServiceApplication - [main,23] - ---------------------------职教云VR模块启动成功---------------------------
14:17:52.187 [RMI TCP Connection(1)-10.0.97.173] INFO  o.a.c.c.C.[.[.[/] - [log,173] - Initializing Spring DispatcherServlet 'dispatcherServlet'
14:17:52.187 [RMI TCP Connection(1)-10.0.97.173] INFO  o.s.w.s.DispatcherServlet - [initServletBean,525] - Initializing Servlet 'dispatcherServlet'
14:17:52.189 [RMI TCP Connection(1)-10.0.97.173] INFO  o.s.w.s.DispatcherServlet - [initServletBean,547] - Completed initialization in 2 ms
15:05:28.226 [SpringContextShutdownHook] INFO  c.a.c.n.r.NacosServiceRegistry - [deregister,90] - De-registering from Nacos Server now...
15:05:28.228 [SpringContextShutdownHook] INFO  c.a.c.n.r.NacosServiceRegistry - [deregister,110] - De-registration finished.
15:06:17.303 [background-preinit] INFO  o.h.v.i.util.Version - [<clinit>,21] - HV000001: Hibernate Validator 6.1.7.Final
15:06:17.308 [restartedMain] INFO  c.z.e.VrServiceApplication - [logStarting,55] - Starting VrServiceApplication using Java 1.8.0_271 on yangj with PID 18996 (D:\Java_Tools\IntelliJ IDEA_WorkPlace\edu-vr\edu-vr-admin\target\classes started by ZJ in D:\Java_Tools\IntelliJ IDEA_WorkPlace\edu-vr)
15:06:17.308 [restartedMain] INFO  c.z.e.VrServiceApplication - [logStartupProfileInfo,668] - The following profiles are active: dev
15:06:17.339 [restartedMain] INFO  o.s.b.d.e.DevToolsPropertyDefaultsPostProcessor - [logTo,255] - Devtools property defaults active! Set 'spring.devtools.add-properties' to 'false' to disable
15:06:17.340 [restartedMain] INFO  o.s.b.d.e.DevToolsPropertyDefaultsPostProcessor - [logTo,255] - For additional web related logging consider setting the 'logging.level.web' property to 'DEBUG'
15:06:18.158 [restartedMain] INFO  o.s.d.r.c.RepositoryConfigurationDelegate - [multipleStoresDetected,250] - Multiple Spring Data modules found, entering strict repository configuration mode!
15:06:18.159 [restartedMain] INFO  o.s.d.r.c.RepositoryConfigurationDelegate - [registerRepositoriesIn,128] - Bootstrapping Spring Data Redis repositories in DEFAULT mode.
15:06:18.175 [restartedMain] INFO  o.s.d.r.c.RepositoryConfigurationDelegate - [registerRepositoriesIn,188] - Finished Spring Data repository scanning in 7 ms. Found 0 Redis repository interfaces.
15:06:18.318 [restartedMain] INFO  o.s.c.c.s.GenericScope - [setSerializationId,283] - BeanFactory id=704c5615-991a-303f-9ec8-f8e150343cd9
15:06:18.717 [restartedMain] INFO  o.s.b.w.e.t.TomcatWebServer - [initialize,108] - Tomcat initialized with port(s): 2090 (http)
15:06:18.723 [restartedMain] INFO  o.a.c.h.Http11NioProtocol - [log,173] - Initializing ProtocolHandler ["http-nio-2090"]
15:06:18.723 [restartedMain] INFO  o.a.c.c.StandardService - [log,173] - Starting service [Tomcat]
15:06:18.723 [restartedMain] INFO  o.a.c.c.StandardEngine - [log,173] - Starting Servlet engine: [Apache Tomcat/9.0.46]
15:06:18.793 [restartedMain] INFO  o.a.c.c.C.[.[.[/] - [log,173] - Initializing Spring embedded WebApplicationContext
15:06:18.793 [restartedMain] INFO  o.s.b.w.s.c.ServletWebServerApplicationContext - [prepareWebApplicationContext,289] - Root WebApplicationContext: initialization completed in 1453 ms
15:06:18.886 [restartedMain] INFO  o.a.c.c.StandardService - [log,173] - Stopping service [Tomcat]
15:06:18.899 [restartedMain] INFO  o.s.b.a.l.ConditionEvaluationReportLoggingListener - [logMessage,136] - 

Error starting ApplicationContext. To display the conditions report re-run your application with 'debug' enabled.
15:06:44.084 [background-preinit] INFO  o.h.v.i.util.Version - [<clinit>,21] - HV000001: Hibernate Validator 6.1.7.Final
15:06:44.088 [restartedMain] INFO  c.z.e.VrServiceApplication - [logStarting,55] - Starting VrServiceApplication using Java 1.8.0_271 on yangj with PID 22660 (D:\Java_Tools\IntelliJ IDEA_WorkPlace\edu-vr\edu-vr-admin\target\classes started by ZJ in D:\Java_Tools\IntelliJ IDEA_WorkPlace\edu-vr)
15:06:44.088 [restartedMain] INFO  c.z.e.VrServiceApplication - [logStartupProfileInfo,668] - The following profiles are active: dev
15:06:44.119 [restartedMain] INFO  o.s.b.d.e.DevToolsPropertyDefaultsPostProcessor - [logTo,255] - Devtools property defaults active! Set 'spring.devtools.add-properties' to 'false' to disable
15:06:44.119 [restartedMain] INFO  o.s.b.d.e.DevToolsPropertyDefaultsPostProcessor - [logTo,255] - For additional web related logging consider setting the 'logging.level.web' property to 'DEBUG'
15:06:44.935 [restartedMain] INFO  o.s.d.r.c.RepositoryConfigurationDelegate - [multipleStoresDetected,250] - Multiple Spring Data modules found, entering strict repository configuration mode!
15:06:44.936 [restartedMain] INFO  o.s.d.r.c.RepositoryConfigurationDelegate - [registerRepositoriesIn,128] - Bootstrapping Spring Data Redis repositories in DEFAULT mode.
15:06:44.953 [restartedMain] INFO  o.s.d.r.c.RepositoryConfigurationDelegate - [registerRepositoriesIn,188] - Finished Spring Data repository scanning in 8 ms. Found 0 Redis repository interfaces.
15:06:45.095 [restartedMain] INFO  o.s.c.c.s.GenericScope - [setSerializationId,283] - BeanFactory id=704c5615-991a-303f-9ec8-f8e150343cd9
15:06:45.490 [restartedMain] INFO  o.s.b.w.e.t.TomcatWebServer - [initialize,108] - Tomcat initialized with port(s): 2090 (http)
15:06:45.496 [restartedMain] INFO  o.a.c.h.Http11NioProtocol - [log,173] - Initializing ProtocolHandler ["http-nio-2090"]
15:06:45.496 [restartedMain] INFO  o.a.c.c.StandardService - [log,173] - Starting service [Tomcat]
15:06:45.497 [restartedMain] INFO  o.a.c.c.StandardEngine - [log,173] - Starting Servlet engine: [Apache Tomcat/9.0.46]
15:06:45.565 [restartedMain] INFO  o.a.c.c.C.[.[.[/] - [log,173] - Initializing Spring embedded WebApplicationContext
15:06:45.565 [restartedMain] INFO  o.s.b.w.s.c.ServletWebServerApplicationContext - [prepareWebApplicationContext,289] - Root WebApplicationContext: initialization completed in 1445 ms
15:06:45.657 [restartedMain] INFO  o.a.c.c.StandardService - [log,173] - Stopping service [Tomcat]
15:06:45.670 [restartedMain] INFO  o.s.b.a.l.ConditionEvaluationReportLoggingListener - [logMessage,136] - 

Error starting ApplicationContext. To display the conditions report re-run your application with 'debug' enabled.
15:08:31.458 [background-preinit] INFO  o.h.v.i.util.Version - [<clinit>,21] - HV000001: Hibernate Validator 6.1.7.Final
15:08:31.463 [restartedMain] INFO  c.z.e.VrServiceApplication - [logStarting,55] - Starting VrServiceApplication using Java 1.8.0_271 on yangj with PID 21012 (D:\Java_Tools\IntelliJ IDEA_WorkPlace\edu-vr\edu-vr-admin\target\classes started by ZJ in D:\Java_Tools\IntelliJ IDEA_WorkPlace\edu-vr)
15:08:31.463 [restartedMain] INFO  c.z.e.VrServiceApplication - [logStartupProfileInfo,668] - The following profiles are active: dev
15:08:31.493 [restartedMain] INFO  o.s.b.d.e.DevToolsPropertyDefaultsPostProcessor - [logTo,255] - Devtools property defaults active! Set 'spring.devtools.add-properties' to 'false' to disable
15:08:31.494 [restartedMain] INFO  o.s.b.d.e.DevToolsPropertyDefaultsPostProcessor - [logTo,255] - For additional web related logging consider setting the 'logging.level.web' property to 'DEBUG'
15:08:32.323 [restartedMain] INFO  o.s.d.r.c.RepositoryConfigurationDelegate - [multipleStoresDetected,250] - Multiple Spring Data modules found, entering strict repository configuration mode!
15:08:32.324 [restartedMain] INFO  o.s.d.r.c.RepositoryConfigurationDelegate - [registerRepositoriesIn,128] - Bootstrapping Spring Data Redis repositories in DEFAULT mode.
15:08:32.340 [restartedMain] INFO  o.s.d.r.c.RepositoryConfigurationDelegate - [registerRepositoriesIn,188] - Finished Spring Data repository scanning in 7 ms. Found 0 Redis repository interfaces.
15:08:32.484 [restartedMain] INFO  o.s.c.c.s.GenericScope - [setSerializationId,283] - BeanFactory id=704c5615-991a-303f-9ec8-f8e150343cd9
15:08:32.883 [restartedMain] INFO  o.s.b.w.e.t.TomcatWebServer - [initialize,108] - Tomcat initialized with port(s): 2090 (http)
15:08:32.889 [restartedMain] INFO  o.a.c.h.Http11NioProtocol - [log,173] - Initializing ProtocolHandler ["http-nio-2090"]
15:08:32.890 [restartedMain] INFO  o.a.c.c.StandardService - [log,173] - Starting service [Tomcat]
15:08:32.890 [restartedMain] INFO  o.a.c.c.StandardEngine - [log,173] - Starting Servlet engine: [Apache Tomcat/9.0.46]
15:08:32.957 [restartedMain] INFO  o.a.c.c.C.[.[.[/] - [log,173] - Initializing Spring embedded WebApplicationContext
15:08:32.957 [restartedMain] INFO  o.s.b.w.s.c.ServletWebServerApplicationContext - [prepareWebApplicationContext,289] - Root WebApplicationContext: initialization completed in 1463 ms
15:08:33.051 [restartedMain] INFO  o.a.c.c.StandardService - [log,173] - Stopping service [Tomcat]
15:08:33.064 [restartedMain] INFO  o.s.b.a.l.ConditionEvaluationReportLoggingListener - [logMessage,136] - 

Error starting ApplicationContext. To display the conditions report re-run your application with 'debug' enabled.
15:09:27.525 [background-preinit] INFO  o.h.v.i.util.Version - [<clinit>,21] - HV000001: Hibernate Validator 6.1.7.Final
15:09:27.529 [restartedMain] INFO  c.z.e.VrServiceApplication - [logStarting,55] - Starting VrServiceApplication using Java 1.8.0_271 on yangj with PID 4800 (D:\Java_Tools\IntelliJ IDEA_WorkPlace\edu-vr\edu-vr-admin\target\classes started by ZJ in D:\Java_Tools\IntelliJ IDEA_WorkPlace\edu-vr)
15:09:27.529 [restartedMain] INFO  c.z.e.VrServiceApplication - [logStartupProfileInfo,668] - The following profiles are active: dev
15:09:27.559 [restartedMain] INFO  o.s.b.d.e.DevToolsPropertyDefaultsPostProcessor - [logTo,255] - Devtools property defaults active! Set 'spring.devtools.add-properties' to 'false' to disable
15:09:27.559 [restartedMain] INFO  o.s.b.d.e.DevToolsPropertyDefaultsPostProcessor - [logTo,255] - For additional web related logging consider setting the 'logging.level.web' property to 'DEBUG'
15:09:28.395 [restartedMain] INFO  o.s.d.r.c.RepositoryConfigurationDelegate - [multipleStoresDetected,250] - Multiple Spring Data modules found, entering strict repository configuration mode!
15:09:28.396 [restartedMain] INFO  o.s.d.r.c.RepositoryConfigurationDelegate - [registerRepositoriesIn,128] - Bootstrapping Spring Data Redis repositories in DEFAULT mode.
15:09:28.411 [restartedMain] INFO  o.s.d.r.c.RepositoryConfigurationDelegate - [registerRepositoriesIn,188] - Finished Spring Data repository scanning in 8 ms. Found 0 Redis repository interfaces.
15:09:28.555 [restartedMain] INFO  o.s.c.c.s.GenericScope - [setSerializationId,283] - BeanFactory id=704c5615-991a-303f-9ec8-f8e150343cd9
15:09:28.960 [restartedMain] INFO  o.s.b.w.e.t.TomcatWebServer - [initialize,108] - Tomcat initialized with port(s): 2090 (http)
15:09:28.965 [restartedMain] INFO  o.a.c.h.Http11NioProtocol - [log,173] - Initializing ProtocolHandler ["http-nio-2090"]
15:09:28.965 [restartedMain] INFO  o.a.c.c.StandardService - [log,173] - Starting service [Tomcat]
15:09:28.965 [restartedMain] INFO  o.a.c.c.StandardEngine - [log,173] - Starting Servlet engine: [Apache Tomcat/9.0.46]
15:09:29.033 [restartedMain] INFO  o.a.c.c.C.[.[.[/] - [log,173] - Initializing Spring embedded WebApplicationContext
15:09:29.033 [restartedMain] INFO  o.s.b.w.s.c.ServletWebServerApplicationContext - [prepareWebApplicationContext,289] - Root WebApplicationContext: initialization completed in 1473 ms
15:09:29.128 [restartedMain] INFO  o.a.c.c.StandardService - [log,173] - Stopping service [Tomcat]
15:09:29.141 [restartedMain] INFO  o.s.b.a.l.ConditionEvaluationReportLoggingListener - [logMessage,136] - 

Error starting ApplicationContext. To display the conditions report re-run your application with 'debug' enabled.
15:10:24.642 [background-preinit] INFO  o.h.v.i.util.Version - [<clinit>,21] - HV000001: Hibernate Validator 6.1.7.Final
15:10:24.647 [restartedMain] INFO  c.z.e.VrServiceApplication - [logStarting,55] - Starting VrServiceApplication using Java 1.8.0_271 on yangj with PID 8628 (D:\Java_Tools\IntelliJ IDEA_WorkPlace\edu-vr\edu-vr-admin\target\classes started by ZJ in D:\Java_Tools\IntelliJ IDEA_WorkPlace\edu-vr)
15:10:24.647 [restartedMain] INFO  c.z.e.VrServiceApplication - [logStartupProfileInfo,668] - The following profiles are active: dev
15:10:24.678 [restartedMain] INFO  o.s.b.d.e.DevToolsPropertyDefaultsPostProcessor - [logTo,255] - Devtools property defaults active! Set 'spring.devtools.add-properties' to 'false' to disable
15:10:24.678 [restartedMain] INFO  o.s.b.d.e.DevToolsPropertyDefaultsPostProcessor - [logTo,255] - For additional web related logging consider setting the 'logging.level.web' property to 'DEBUG'
15:10:25.526 [restartedMain] INFO  o.s.d.r.c.RepositoryConfigurationDelegate - [multipleStoresDetected,250] - Multiple Spring Data modules found, entering strict repository configuration mode!
15:10:25.528 [restartedMain] INFO  o.s.d.r.c.RepositoryConfigurationDelegate - [registerRepositoriesIn,128] - Bootstrapping Spring Data Redis repositories in DEFAULT mode.
15:10:25.544 [restartedMain] INFO  o.s.d.r.c.RepositoryConfigurationDelegate - [registerRepositoriesIn,188] - Finished Spring Data repository scanning in 7 ms. Found 0 Redis repository interfaces.
15:10:25.684 [restartedMain] INFO  o.s.c.c.s.GenericScope - [setSerializationId,283] - BeanFactory id=704c5615-991a-303f-9ec8-f8e150343cd9
15:10:26.085 [restartedMain] INFO  o.s.b.w.e.t.TomcatWebServer - [initialize,108] - Tomcat initialized with port(s): 2090 (http)
15:10:26.091 [restartedMain] INFO  o.a.c.h.Http11NioProtocol - [log,173] - Initializing ProtocolHandler ["http-nio-2090"]
15:10:26.092 [restartedMain] INFO  o.a.c.c.StandardService - [log,173] - Starting service [Tomcat]
15:10:26.092 [restartedMain] INFO  o.a.c.c.StandardEngine - [log,173] - Starting Servlet engine: [Apache Tomcat/9.0.46]
15:10:26.160 [restartedMain] INFO  o.a.c.c.C.[.[.[/] - [log,173] - Initializing Spring embedded WebApplicationContext
15:10:26.160 [restartedMain] INFO  o.s.b.w.s.c.ServletWebServerApplicationContext - [prepareWebApplicationContext,289] - Root WebApplicationContext: initialization completed in 1481 ms
15:10:26.253 [restartedMain] INFO  o.a.c.c.StandardService - [log,173] - Stopping service [Tomcat]
15:10:26.266 [restartedMain] INFO  o.s.b.a.l.ConditionEvaluationReportLoggingListener - [logMessage,136] - 

Error starting ApplicationContext. To display the conditions report re-run your application with 'debug' enabled.
15:13:30.938 [background-preinit] INFO  o.h.v.i.util.Version - [<clinit>,21] - HV000001: Hibernate Validator 6.1.7.Final
15:13:30.942 [restartedMain] INFO  c.z.e.VrServiceApplication - [logStarting,55] - Starting VrServiceApplication using Java 1.8.0_271 on yangj with PID 23632 (D:\Java_Tools\IntelliJ IDEA_WorkPlace\edu-vr\edu-vr-admin\target\classes started by ZJ in D:\Java_Tools\IntelliJ IDEA_WorkPlace\edu-vr)
15:13:30.942 [restartedMain] INFO  c.z.e.VrServiceApplication - [logStartupProfileInfo,668] - The following profiles are active: dev
15:13:30.973 [restartedMain] INFO  o.s.b.d.e.DevToolsPropertyDefaultsPostProcessor - [logTo,255] - Devtools property defaults active! Set 'spring.devtools.add-properties' to 'false' to disable
15:13:30.973 [restartedMain] INFO  o.s.b.d.e.DevToolsPropertyDefaultsPostProcessor - [logTo,255] - For additional web related logging consider setting the 'logging.level.web' property to 'DEBUG'
15:13:31.798 [restartedMain] INFO  o.s.d.r.c.RepositoryConfigurationDelegate - [multipleStoresDetected,250] - Multiple Spring Data modules found, entering strict repository configuration mode!
15:13:31.800 [restartedMain] INFO  o.s.d.r.c.RepositoryConfigurationDelegate - [registerRepositoriesIn,128] - Bootstrapping Spring Data Redis repositories in DEFAULT mode.
15:13:31.815 [restartedMain] INFO  o.s.d.r.c.RepositoryConfigurationDelegate - [registerRepositoriesIn,188] - Finished Spring Data repository scanning in 7 ms. Found 0 Redis repository interfaces.
15:13:31.955 [restartedMain] INFO  o.s.c.c.s.GenericScope - [setSerializationId,283] - BeanFactory id=704c5615-991a-303f-9ec8-f8e150343cd9
15:13:32.354 [restartedMain] INFO  o.s.b.w.e.t.TomcatWebServer - [initialize,108] - Tomcat initialized with port(s): 2090 (http)
15:13:32.360 [restartedMain] INFO  o.a.c.h.Http11NioProtocol - [log,173] - Initializing ProtocolHandler ["http-nio-2090"]
15:13:32.360 [restartedMain] INFO  o.a.c.c.StandardService - [log,173] - Starting service [Tomcat]
15:13:32.360 [restartedMain] INFO  o.a.c.c.StandardEngine - [log,173] - Starting Servlet engine: [Apache Tomcat/9.0.46]
15:13:32.427 [restartedMain] INFO  o.a.c.c.C.[.[.[/] - [log,173] - Initializing Spring embedded WebApplicationContext
15:13:32.428 [restartedMain] INFO  o.s.b.w.s.c.ServletWebServerApplicationContext - [prepareWebApplicationContext,289] - Root WebApplicationContext: initialization completed in 1455 ms
15:13:32.521 [restartedMain] INFO  o.a.c.c.StandardService - [log,173] - Stopping service [Tomcat]
15:13:32.534 [restartedMain] INFO  o.s.b.a.l.ConditionEvaluationReportLoggingListener - [logMessage,136] - 

Error starting ApplicationContext. To display the conditions report re-run your application with 'debug' enabled.
15:15:32.203 [background-preinit] INFO  o.h.v.i.util.Version - [<clinit>,21] - HV000001: Hibernate Validator 6.1.7.Final
15:15:32.208 [restartedMain] INFO  c.z.e.VrServiceApplication - [logStarting,55] - Starting VrServiceApplication using Java 1.8.0_271 on yangj with PID 21496 (D:\Java_Tools\IntelliJ IDEA_WorkPlace\edu-vr\edu-vr-admin\target\classes started by ZJ in D:\Java_Tools\IntelliJ IDEA_WorkPlace\edu-vr)
15:15:32.208 [restartedMain] INFO  c.z.e.VrServiceApplication - [logStartupProfileInfo,668] - The following profiles are active: dev
15:15:32.238 [restartedMain] INFO  o.s.b.d.e.DevToolsPropertyDefaultsPostProcessor - [logTo,255] - Devtools property defaults active! Set 'spring.devtools.add-properties' to 'false' to disable
15:15:32.238 [restartedMain] INFO  o.s.b.d.e.DevToolsPropertyDefaultsPostProcessor - [logTo,255] - For additional web related logging consider setting the 'logging.level.web' property to 'DEBUG'
15:15:33.072 [restartedMain] INFO  o.s.d.r.c.RepositoryConfigurationDelegate - [multipleStoresDetected,250] - Multiple Spring Data modules found, entering strict repository configuration mode!
15:15:33.074 [restartedMain] INFO  o.s.d.r.c.RepositoryConfigurationDelegate - [registerRepositoriesIn,128] - Bootstrapping Spring Data Redis repositories in DEFAULT mode.
15:15:33.090 [restartedMain] INFO  o.s.d.r.c.RepositoryConfigurationDelegate - [registerRepositoriesIn,188] - Finished Spring Data repository scanning in 7 ms. Found 0 Redis repository interfaces.
15:15:33.234 [restartedMain] INFO  o.s.c.c.s.GenericScope - [setSerializationId,283] - BeanFactory id=704c5615-991a-303f-9ec8-f8e150343cd9
15:15:33.646 [restartedMain] INFO  o.s.b.w.e.t.TomcatWebServer - [initialize,108] - Tomcat initialized with port(s): 2090 (http)
15:15:33.652 [restartedMain] INFO  o.a.c.h.Http11NioProtocol - [log,173] - Initializing ProtocolHandler ["http-nio-2090"]
15:15:33.652 [restartedMain] INFO  o.a.c.c.StandardService - [log,173] - Starting service [Tomcat]
15:15:33.652 [restartedMain] INFO  o.a.c.c.StandardEngine - [log,173] - Starting Servlet engine: [Apache Tomcat/9.0.46]
15:15:33.719 [restartedMain] INFO  o.a.c.c.C.[.[.[/] - [log,173] - Initializing Spring embedded WebApplicationContext
15:15:33.719 [restartedMain] INFO  o.s.b.w.s.c.ServletWebServerApplicationContext - [prepareWebApplicationContext,289] - Root WebApplicationContext: initialization completed in 1481 ms
15:15:33.814 [restartedMain] INFO  o.a.c.c.StandardService - [log,173] - Stopping service [Tomcat]
15:15:33.827 [restartedMain] INFO  o.s.b.a.l.ConditionEvaluationReportLoggingListener - [logMessage,136] - 

Error starting ApplicationContext. To display the conditions report re-run your application with 'debug' enabled.
15:16:09.482 [background-preinit] INFO  o.h.v.i.util.Version - [<clinit>,21] - HV000001: Hibernate Validator 6.1.7.Final
15:16:09.486 [restartedMain] INFO  c.z.e.VrServiceApplication - [logStarting,55] - Starting VrServiceApplication using Java 1.8.0_271 on yangj with PID 20192 (D:\Java_Tools\IntelliJ IDEA_WorkPlace\edu-vr\edu-vr-admin\target\classes started by ZJ in D:\Java_Tools\IntelliJ IDEA_WorkPlace\edu-vr)
15:16:09.486 [restartedMain] INFO  c.z.e.VrServiceApplication - [logStartupProfileInfo,668] - The following profiles are active: dev
15:16:09.513 [restartedMain] INFO  o.s.b.d.e.DevToolsPropertyDefaultsPostProcessor - [logTo,255] - Devtools property defaults active! Set 'spring.devtools.add-properties' to 'false' to disable
15:16:09.514 [restartedMain] INFO  o.s.b.d.e.DevToolsPropertyDefaultsPostProcessor - [logTo,255] - For additional web related logging consider setting the 'logging.level.web' property to 'DEBUG'
15:16:10.338 [restartedMain] INFO  o.s.d.r.c.RepositoryConfigurationDelegate - [multipleStoresDetected,250] - Multiple Spring Data modules found, entering strict repository configuration mode!
15:16:10.339 [restartedMain] INFO  o.s.d.r.c.RepositoryConfigurationDelegate - [registerRepositoriesIn,128] - Bootstrapping Spring Data Redis repositories in DEFAULT mode.
15:16:10.354 [restartedMain] INFO  o.s.d.r.c.RepositoryConfigurationDelegate - [registerRepositoriesIn,188] - Finished Spring Data repository scanning in 7 ms. Found 0 Redis repository interfaces.
15:16:10.508 [restartedMain] INFO  o.s.c.c.s.GenericScope - [setSerializationId,283] - BeanFactory id=5acfe638-216e-3207-9570-44d988a33e6b
15:16:10.902 [restartedMain] INFO  o.s.b.w.e.t.TomcatWebServer - [initialize,108] - Tomcat initialized with port(s): 2090 (http)
15:16:10.907 [restartedMain] INFO  o.a.c.h.Http11NioProtocol - [log,173] - Initializing ProtocolHandler ["http-nio-2090"]
15:16:10.908 [restartedMain] INFO  o.a.c.c.StandardService - [log,173] - Starting service [Tomcat]
15:16:10.908 [restartedMain] INFO  o.a.c.c.StandardEngine - [log,173] - Starting Servlet engine: [Apache Tomcat/9.0.46]
15:16:10.975 [restartedMain] INFO  o.a.c.c.C.[.[.[/] - [log,173] - Initializing Spring embedded WebApplicationContext
15:16:10.975 [restartedMain] INFO  o.s.b.w.s.c.ServletWebServerApplicationContext - [prepareWebApplicationContext,289] - Root WebApplicationContext: initialization completed in 1461 ms
15:16:11.083 [restartedMain] INFO  o.a.c.c.StandardService - [log,173] - Stopping service [Tomcat]
15:16:11.097 [restartedMain] INFO  o.s.b.a.l.ConditionEvaluationReportLoggingListener - [logMessage,136] - 

Error starting ApplicationContext. To display the conditions report re-run your application with 'debug' enabled.
15:19:15.555 [background-preinit] INFO  o.h.v.i.util.Version - [<clinit>,21] - HV000001: Hibernate Validator 6.1.7.Final
15:19:15.559 [restartedMain] INFO  c.z.e.VrServiceApplication - [logStarting,55] - Starting VrServiceApplication using Java 1.8.0_271 on yangj with PID 25084 (D:\Java_Tools\IntelliJ IDEA_WorkPlace\edu-vr\edu-vr-admin\target\classes started by ZJ in D:\Java_Tools\IntelliJ IDEA_WorkPlace\edu-vr)
15:19:15.559 [restartedMain] INFO  c.z.e.VrServiceApplication - [logStartupProfileInfo,668] - The following profiles are active: dev
15:19:15.586 [restartedMain] INFO  o.s.b.d.e.DevToolsPropertyDefaultsPostProcessor - [logTo,255] - Devtools property defaults active! Set 'spring.devtools.add-properties' to 'false' to disable
15:19:15.586 [restartedMain] INFO  o.s.b.d.e.DevToolsPropertyDefaultsPostProcessor - [logTo,255] - For additional web related logging consider setting the 'logging.level.web' property to 'DEBUG'
15:19:16.455 [restartedMain] INFO  o.s.d.r.c.RepositoryConfigurationDelegate - [multipleStoresDetected,250] - Multiple Spring Data modules found, entering strict repository configuration mode!
15:19:16.457 [restartedMain] INFO  o.s.d.r.c.RepositoryConfigurationDelegate - [registerRepositoriesIn,128] - Bootstrapping Spring Data Redis repositories in DEFAULT mode.
15:19:16.472 [restartedMain] INFO  o.s.d.r.c.RepositoryConfigurationDelegate - [registerRepositoriesIn,188] - Finished Spring Data repository scanning in 7 ms. Found 0 Redis repository interfaces.
15:19:16.625 [restartedMain] INFO  o.s.c.c.s.GenericScope - [setSerializationId,283] - BeanFactory id=5acfe638-216e-3207-9570-44d988a33e6b
15:19:17.047 [restartedMain] INFO  o.s.b.w.e.t.TomcatWebServer - [initialize,108] - Tomcat initialized with port(s): 2090 (http)
15:19:17.053 [restartedMain] INFO  o.a.c.h.Http11NioProtocol - [log,173] - Initializing ProtocolHandler ["http-nio-2090"]
15:19:17.053 [restartedMain] INFO  o.a.c.c.StandardService - [log,173] - Starting service [Tomcat]
15:19:17.053 [restartedMain] INFO  o.a.c.c.StandardEngine - [log,173] - Starting Servlet engine: [Apache Tomcat/9.0.46]
15:19:17.121 [restartedMain] INFO  o.a.c.c.C.[.[.[/] - [log,173] - Initializing Spring embedded WebApplicationContext
15:19:17.121 [restartedMain] INFO  o.s.b.w.s.c.ServletWebServerApplicationContext - [prepareWebApplicationContext,289] - Root WebApplicationContext: initialization completed in 1535 ms
15:19:17.232 [restartedMain] INFO  o.a.c.c.StandardService - [log,173] - Stopping service [Tomcat]
15:19:17.245 [restartedMain] INFO  o.s.b.a.l.ConditionEvaluationReportLoggingListener - [logMessage,136] - 

Error starting ApplicationContext. To display the conditions report re-run your application with 'debug' enabled.
15:21:20.370 [background-preinit] INFO  o.h.v.i.util.Version - [<clinit>,21] - HV000001: Hibernate Validator 6.1.7.Final
15:21:20.374 [restartedMain] INFO  c.z.e.VrServiceApplication - [logStarting,55] - Starting VrServiceApplication using Java 1.8.0_271 on yangj with PID 20772 (D:\Java_Tools\IntelliJ IDEA_WorkPlace\edu-vr\edu-vr-admin\target\classes started by ZJ in D:\Java_Tools\IntelliJ IDEA_WorkPlace\edu-vr)
15:21:20.374 [restartedMain] INFO  c.z.e.VrServiceApplication - [logStartupProfileInfo,668] - The following profiles are active: dev
15:21:20.402 [restartedMain] INFO  o.s.b.d.e.DevToolsPropertyDefaultsPostProcessor - [logTo,255] - Devtools property defaults active! Set 'spring.devtools.add-properties' to 'false' to disable
15:21:20.403 [restartedMain] INFO  o.s.b.d.e.DevToolsPropertyDefaultsPostProcessor - [logTo,255] - For additional web related logging consider setting the 'logging.level.web' property to 'DEBUG'
15:21:21.298 [restartedMain] INFO  o.s.d.r.c.RepositoryConfigurationDelegate - [multipleStoresDetected,250] - Multiple Spring Data modules found, entering strict repository configuration mode!
15:21:21.299 [restartedMain] INFO  o.s.d.r.c.RepositoryConfigurationDelegate - [registerRepositoriesIn,128] - Bootstrapping Spring Data Redis repositories in DEFAULT mode.
15:21:21.314 [restartedMain] INFO  o.s.d.r.c.RepositoryConfigurationDelegate - [registerRepositoriesIn,188] - Finished Spring Data repository scanning in 7 ms. Found 0 Redis repository interfaces.
15:21:21.466 [restartedMain] INFO  o.s.c.c.s.GenericScope - [setSerializationId,283] - BeanFactory id=5acfe638-216e-3207-9570-44d988a33e6b
15:21:21.891 [restartedMain] INFO  o.s.b.w.e.t.TomcatWebServer - [initialize,108] - Tomcat initialized with port(s): 2090 (http)
15:21:21.897 [restartedMain] INFO  o.a.c.h.Http11NioProtocol - [log,173] - Initializing ProtocolHandler ["http-nio-2090"]
15:21:21.898 [restartedMain] INFO  o.a.c.c.StandardService - [log,173] - Starting service [Tomcat]
15:21:21.898 [restartedMain] INFO  o.a.c.c.StandardEngine - [log,173] - Starting Servlet engine: [Apache Tomcat/9.0.46]
15:21:21.965 [restartedMain] INFO  o.a.c.c.C.[.[.[/] - [log,173] - Initializing Spring embedded WebApplicationContext
15:21:21.966 [restartedMain] INFO  o.s.b.w.s.c.ServletWebServerApplicationContext - [prepareWebApplicationContext,289] - Root WebApplicationContext: initialization completed in 1563 ms
15:21:22.073 [restartedMain] INFO  o.a.c.c.StandardService - [log,173] - Stopping service [Tomcat]
15:21:22.086 [restartedMain] INFO  o.s.b.a.l.ConditionEvaluationReportLoggingListener - [logMessage,136] - 

Error starting ApplicationContext. To display the conditions report re-run your application with 'debug' enabled.
15:25:41.950 [background-preinit] INFO  o.h.v.i.util.Version - [<clinit>,21] - HV000001: Hibernate Validator 6.1.7.Final
15:25:41.953 [restartedMain] INFO  c.z.e.VrServiceApplication - [logStarting,55] - Starting VrServiceApplication using Java 1.8.0_271 on yangj with PID 23804 (D:\Java_Tools\IntelliJ IDEA_WorkPlace\edu-vr\edu-vr-admin\target\classes started by ZJ in D:\Java_Tools\IntelliJ IDEA_WorkPlace\edu-vr)
15:25:41.954 [restartedMain] INFO  c.z.e.VrServiceApplication - [logStartupProfileInfo,668] - The following profiles are active: dev
15:25:41.982 [restartedMain] INFO  o.s.b.d.e.DevToolsPropertyDefaultsPostProcessor - [logTo,255] - Devtools property defaults active! Set 'spring.devtools.add-properties' to 'false' to disable
15:25:41.983 [restartedMain] INFO  o.s.b.d.e.DevToolsPropertyDefaultsPostProcessor - [logTo,255] - For additional web related logging consider setting the 'logging.level.web' property to 'DEBUG'
15:25:42.840 [restartedMain] INFO  o.s.d.r.c.RepositoryConfigurationDelegate - [multipleStoresDetected,250] - Multiple Spring Data modules found, entering strict repository configuration mode!
15:25:42.842 [restartedMain] INFO  o.s.d.r.c.RepositoryConfigurationDelegate - [registerRepositoriesIn,128] - Bootstrapping Spring Data Redis repositories in DEFAULT mode.
15:25:42.857 [restartedMain] INFO  o.s.d.r.c.RepositoryConfigurationDelegate - [registerRepositoriesIn,188] - Finished Spring Data repository scanning in 7 ms. Found 0 Redis repository interfaces.
15:25:43.017 [restartedMain] INFO  o.s.c.c.s.GenericScope - [setSerializationId,283] - BeanFactory id=5acfe638-216e-3207-9570-44d988a33e6b
15:25:43.422 [restartedMain] INFO  o.s.b.w.e.t.TomcatWebServer - [initialize,108] - Tomcat initialized with port(s): 2090 (http)
15:25:43.428 [restartedMain] INFO  o.a.c.h.Http11NioProtocol - [log,173] - Initializing ProtocolHandler ["http-nio-2090"]
15:25:43.428 [restartedMain] INFO  o.a.c.c.StandardService - [log,173] - Starting service [Tomcat]
15:25:43.428 [restartedMain] INFO  o.a.c.c.StandardEngine - [log,173] - Starting Servlet engine: [Apache Tomcat/9.0.46]
15:25:43.495 [restartedMain] INFO  o.a.c.c.C.[.[.[/] - [log,173] - Initializing Spring embedded WebApplicationContext
15:25:43.496 [restartedMain] INFO  o.s.b.w.s.c.ServletWebServerApplicationContext - [prepareWebApplicationContext,289] - Root WebApplicationContext: initialization completed in 1513 ms
15:25:43.605 [restartedMain] INFO  o.a.c.c.StandardService - [log,173] - Stopping service [Tomcat]
15:25:43.618 [restartedMain] INFO  o.s.b.a.l.ConditionEvaluationReportLoggingListener - [logMessage,136] - 

Error starting ApplicationContext. To display the conditions report re-run your application with 'debug' enabled.
15:28:06.308 [background-preinit] INFO  o.h.v.i.util.Version - [<clinit>,21] - HV000001: Hibernate Validator 6.1.7.Final
15:28:06.313 [restartedMain] INFO  c.z.e.VrServiceApplication - [logStarting,55] - Starting VrServiceApplication using Java 1.8.0_271 on yangj with PID 8948 (D:\Java_Tools\IntelliJ IDEA_WorkPlace\edu-vr\edu-vr-admin\target\classes started by ZJ in D:\Java_Tools\IntelliJ IDEA_WorkPlace\edu-vr)
15:28:06.313 [restartedMain] INFO  c.z.e.VrServiceApplication - [logStartupProfileInfo,668] - The following profiles are active: dev
15:28:06.341 [restartedMain] INFO  o.s.b.d.e.DevToolsPropertyDefaultsPostProcessor - [logTo,255] - Devtools property defaults active! Set 'spring.devtools.add-properties' to 'false' to disable
15:28:06.341 [restartedMain] INFO  o.s.b.d.e.DevToolsPropertyDefaultsPostProcessor - [logTo,255] - For additional web related logging consider setting the 'logging.level.web' property to 'DEBUG'
15:28:07.194 [restartedMain] INFO  o.s.d.r.c.RepositoryConfigurationDelegate - [multipleStoresDetected,250] - Multiple Spring Data modules found, entering strict repository configuration mode!
15:28:07.196 [restartedMain] INFO  o.s.d.r.c.RepositoryConfigurationDelegate - [registerRepositoriesIn,128] - Bootstrapping Spring Data Redis repositories in DEFAULT mode.
15:28:07.211 [restartedMain] INFO  o.s.d.r.c.RepositoryConfigurationDelegate - [registerRepositoriesIn,188] - Finished Spring Data repository scanning in 7 ms. Found 0 Redis repository interfaces.
15:28:07.361 [restartedMain] INFO  o.s.c.c.s.GenericScope - [setSerializationId,283] - BeanFactory id=5acfe638-216e-3207-9570-44d988a33e6b
15:28:07.770 [restartedMain] INFO  o.s.b.w.e.t.TomcatWebServer - [initialize,108] - Tomcat initialized with port(s): 2090 (http)
15:28:07.777 [restartedMain] INFO  o.a.c.h.Http11NioProtocol - [log,173] - Initializing ProtocolHandler ["http-nio-2090"]
15:28:07.777 [restartedMain] INFO  o.a.c.c.StandardService - [log,173] - Starting service [Tomcat]
15:28:07.777 [restartedMain] INFO  o.a.c.c.StandardEngine - [log,173] - Starting Servlet engine: [Apache Tomcat/9.0.46]
15:28:07.845 [restartedMain] INFO  o.a.c.c.C.[.[.[/] - [log,173] - Initializing Spring embedded WebApplicationContext
15:28:07.845 [restartedMain] INFO  o.s.b.w.s.c.ServletWebServerApplicationContext - [prepareWebApplicationContext,289] - Root WebApplicationContext: initialization completed in 1503 ms
15:28:08.179 [restartedMain] INFO  org.redisson.Version - [logVersion,41] - Redisson 3.15.2
15:28:08.475 [redisson-netty-2-15] INFO  o.r.c.p.MasterPubSubConnectionPool - [lambda$run$0,165] - 1 connections initialized for localhost/127.0.0.1:6379
15:28:08.479 [redisson-netty-2-17] INFO  o.r.c.p.MasterConnectionPool - [lambda$run$0,165] - 24 connections initialized for localhost/127.0.0.1:6379
15:28:08.997 [restartedMain] INFO  o.s.b.a.e.w.EndpointLinksResolver - [<init>,58] - Exposing 2 endpoint(s) beneath base path '/actuator'
15:28:09.102 [restartedMain] INFO  o.s.b.d.a.OptionalLiveReloadServer - [startServer,58] - LiveReload server is running on port 35729
15:28:09.615 [restartedMain] INFO  o.a.c.h.Http11NioProtocol - [log,173] - Starting ProtocolHandler ["http-nio-2090"]
15:28:09.621 [restartedMain] INFO  o.s.b.w.e.t.TomcatWebServer - [start,220] - Tomcat started on port(s): 2090 (http) with context path ''
15:28:09.629 [restartedMain] INFO  c.a.c.n.r.NacosServiceRegistry - [register,75] - nacos registry, edu edu-vr-service 10.0.97.173:2090 register finished
15:28:09.739 [restartedMain] INFO  c.z.e.VrServiceApplication - [logStarted,61] - Started VrServiceApplication in 3.824 seconds (JVM running for 4.364)
15:28:09.744 [restartedMain] INFO  c.z.e.VrServiceApplication - [main,22] - ---------------------------职教云VR模块启动成功---------------------------
15:28:10.197 [RMI TCP Connection(2)-10.0.97.173] INFO  o.a.c.c.C.[.[.[/] - [log,173] - Initializing Spring DispatcherServlet 'dispatcherServlet'
15:28:10.198 [RMI TCP Connection(2)-10.0.97.173] INFO  o.s.w.s.DispatcherServlet - [initServletBean,525] - Initializing Servlet 'dispatcherServlet'
15:28:10.199 [RMI TCP Connection(2)-10.0.97.173] INFO  o.s.w.s.DispatcherServlet - [initServletBean,547] - Completed initialization in 1 ms
15:28:10.217 [RMI TCP Connection(1)-10.0.97.173] INFO  c.z.h.HikariDataSource - [getConnection,110] - MyHikariCP - Starting...
15:30:21.395 [SpringContextShutdownHook] INFO  c.a.c.n.r.NacosServiceRegistry - [deregister,90] - De-registering from Nacos Server now...
15:30:21.397 [SpringContextShutdownHook] INFO  c.a.c.n.r.NacosServiceRegistry - [deregister,110] - De-registration finished.
15:32:07.591 [background-preinit] INFO  o.h.v.i.util.Version - [<clinit>,21] - HV000001: Hibernate Validator 6.1.7.Final
15:32:07.595 [restartedMain] INFO  c.z.e.VrServiceApplication - [logStarting,55] - Starting VrServiceApplication using Java 1.8.0_271 on yangj with PID 19148 (D:\Java_Tools\IntelliJ IDEA_WorkPlace\edu-vr\edu-vr-admin\target\classes started by ZJ in D:\Java_Tools\IntelliJ IDEA_WorkPlace\edu-vr)
15:32:07.596 [restartedMain] INFO  c.z.e.VrServiceApplication - [logStartupProfileInfo,668] - The following profiles are active: dev
15:32:07.624 [restartedMain] INFO  o.s.b.d.e.DevToolsPropertyDefaultsPostProcessor - [logTo,255] - Devtools property defaults active! Set 'spring.devtools.add-properties' to 'false' to disable
15:32:07.624 [restartedMain] INFO  o.s.b.d.e.DevToolsPropertyDefaultsPostProcessor - [logTo,255] - For additional web related logging consider setting the 'logging.level.web' property to 'DEBUG'
15:32:08.474 [restartedMain] INFO  o.s.d.r.c.RepositoryConfigurationDelegate - [multipleStoresDetected,250] - Multiple Spring Data modules found, entering strict repository configuration mode!
15:32:08.475 [restartedMain] INFO  o.s.d.r.c.RepositoryConfigurationDelegate - [registerRepositoriesIn,128] - Bootstrapping Spring Data Redis repositories in DEFAULT mode.
15:32:08.490 [restartedMain] INFO  o.s.d.r.c.RepositoryConfigurationDelegate - [registerRepositoriesIn,188] - Finished Spring Data repository scanning in 7 ms. Found 0 Redis repository interfaces.
15:32:08.644 [restartedMain] INFO  o.s.c.c.s.GenericScope - [setSerializationId,283] - BeanFactory id=5acfe638-216e-3207-9570-44d988a33e6b
15:32:09.039 [restartedMain] INFO  o.s.b.w.e.t.TomcatWebServer - [initialize,108] - Tomcat initialized with port(s): 2090 (http)
15:32:09.045 [restartedMain] INFO  o.a.c.h.Http11NioProtocol - [log,173] - Initializing ProtocolHandler ["http-nio-2090"]
15:32:09.045 [restartedMain] INFO  o.a.c.c.StandardService - [log,173] - Starting service [Tomcat]
15:32:09.045 [restartedMain] INFO  o.a.c.c.StandardEngine - [log,173] - Starting Servlet engine: [Apache Tomcat/9.0.46]
15:32:09.114 [restartedMain] INFO  o.a.c.c.C.[.[.[/] - [log,173] - Initializing Spring embedded WebApplicationContext
15:32:09.114 [restartedMain] INFO  o.s.b.w.s.c.ServletWebServerApplicationContext - [prepareWebApplicationContext,289] - Root WebApplicationContext: initialization completed in 1489 ms
15:32:09.457 [restartedMain] INFO  org.redisson.Version - [logVersion,41] - Redisson 3.15.2
15:32:09.761 [redisson-netty-2-24] INFO  o.r.c.p.MasterPubSubConnectionPool - [lambda$run$0,165] - 1 connections initialized for localhost/127.0.0.1:6379
15:32:09.765 [redisson-netty-2-20] INFO  o.r.c.p.MasterConnectionPool - [lambda$run$0,165] - 24 connections initialized for localhost/127.0.0.1:6379
15:32:10.273 [restartedMain] INFO  o.s.b.a.e.w.EndpointLinksResolver - [<init>,58] - Exposing 2 endpoint(s) beneath base path '/actuator'
15:32:10.375 [restartedMain] INFO  o.s.b.d.a.OptionalLiveReloadServer - [startServer,58] - LiveReload server is running on port 35729
15:32:10.887 [restartedMain] INFO  o.a.c.h.Http11NioProtocol - [log,173] - Starting ProtocolHandler ["http-nio-2090"]
15:32:10.894 [restartedMain] INFO  o.s.b.w.e.t.TomcatWebServer - [start,220] - Tomcat started on port(s): 2090 (http) with context path ''
15:32:10.901 [restartedMain] INFO  c.a.c.n.r.NacosServiceRegistry - [register,75] - nacos registry, edu edu-vr-service 10.0.97.173:2090 register finished
15:32:11.014 [restartedMain] INFO  c.z.e.VrServiceApplication - [logStarted,61] - Started VrServiceApplication in 3.851 seconds (JVM running for 4.473)
15:32:11.019 [restartedMain] INFO  c.z.e.VrServiceApplication - [main,22] - ---------------------------职教云VR模块启动成功---------------------------
15:32:11.484 [RMI TCP Connection(2)-10.0.97.173] INFO  o.a.c.c.C.[.[.[/] - [log,173] - Initializing Spring DispatcherServlet 'dispatcherServlet'
15:32:11.484 [RMI TCP Connection(2)-10.0.97.173] INFO  o.s.w.s.DispatcherServlet - [initServletBean,525] - Initializing Servlet 'dispatcherServlet'
15:32:11.486 [RMI TCP Connection(2)-10.0.97.173] INFO  o.s.w.s.DispatcherServlet - [initServletBean,547] - Completed initialization in 1 ms
15:32:11.489 [RMI TCP Connection(1)-10.0.97.173] INFO  c.z.h.HikariDataSource - [getConnection,110] - MyHikariCP - Starting...
15:34:49.341 [SpringContextShutdownHook] INFO  c.a.c.n.r.NacosServiceRegistry - [deregister,90] - De-registering from Nacos Server now...
15:34:49.343 [SpringContextShutdownHook] INFO  c.a.c.n.r.NacosServiceRegistry - [deregister,110] - De-registration finished.
15:34:52.032 [background-preinit] INFO  o.h.v.i.util.Version - [<clinit>,21] - HV000001: Hibernate Validator 6.1.7.Final
15:34:52.036 [restartedMain] INFO  c.z.e.VrServiceApplication - [logStarting,55] - Starting VrServiceApplication using Java 1.8.0_271 on yangj with PID 22840 (D:\Java_Tools\IntelliJ IDEA_WorkPlace\edu-vr\edu-vr-admin\target\classes started by ZJ in D:\Java_Tools\IntelliJ IDEA_WorkPlace\edu-vr)
15:34:52.037 [restartedMain] INFO  c.z.e.VrServiceApplication - [logStartupProfileInfo,668] - The following profiles are active: dev
15:34:52.065 [restartedMain] INFO  o.s.b.d.e.DevToolsPropertyDefaultsPostProcessor - [logTo,255] - Devtools property defaults active! Set 'spring.devtools.add-properties' to 'false' to disable
15:34:52.065 [restartedMain] INFO  o.s.b.d.e.DevToolsPropertyDefaultsPostProcessor - [logTo,255] - For additional web related logging consider setting the 'logging.level.web' property to 'DEBUG'
15:34:52.956 [restartedMain] INFO  o.s.d.r.c.RepositoryConfigurationDelegate - [multipleStoresDetected,250] - Multiple Spring Data modules found, entering strict repository configuration mode!
15:34:52.957 [restartedMain] INFO  o.s.d.r.c.RepositoryConfigurationDelegate - [registerRepositoriesIn,128] - Bootstrapping Spring Data Redis repositories in DEFAULT mode.
15:34:52.972 [restartedMain] INFO  o.s.d.r.c.RepositoryConfigurationDelegate - [registerRepositoriesIn,188] - Finished Spring Data repository scanning in 7 ms. Found 0 Redis repository interfaces.
15:34:53.122 [restartedMain] INFO  o.s.c.c.s.GenericScope - [setSerializationId,283] - BeanFactory id=5acfe638-216e-3207-9570-44d988a33e6b
15:34:53.526 [restartedMain] INFO  o.s.b.w.e.t.TomcatWebServer - [initialize,108] - Tomcat initialized with port(s): 2090 (http)
15:34:53.532 [restartedMain] INFO  o.a.c.h.Http11NioProtocol - [log,173] - Initializing ProtocolHandler ["http-nio-2090"]
15:34:53.532 [restartedMain] INFO  o.a.c.c.StandardService - [log,173] - Starting service [Tomcat]
15:34:53.533 [restartedMain] INFO  o.a.c.c.StandardEngine - [log,173] - Starting Servlet engine: [Apache Tomcat/9.0.46]
15:34:53.601 [restartedMain] INFO  o.a.c.c.C.[.[.[/] - [log,173] - Initializing Spring embedded WebApplicationContext
15:34:53.601 [restartedMain] INFO  o.s.b.w.s.c.ServletWebServerApplicationContext - [prepareWebApplicationContext,289] - Root WebApplicationContext: initialization completed in 1535 ms
15:34:53.921 [restartedMain] INFO  org.redisson.Version - [logVersion,41] - Redisson 3.15.2
15:34:54.222 [redisson-netty-2-20] INFO  o.r.c.p.MasterPubSubConnectionPool - [lambda$run$0,165] - 1 connections initialized for localhost/127.0.0.1:6379
15:34:54.226 [redisson-netty-2-20] INFO  o.r.c.p.MasterConnectionPool - [lambda$run$0,165] - 24 connections initialized for localhost/127.0.0.1:6379
15:34:54.743 [restartedMain] INFO  o.s.b.a.e.w.EndpointLinksResolver - [<init>,58] - Exposing 2 endpoint(s) beneath base path '/actuator'
15:34:54.852 [restartedMain] INFO  o.s.b.d.a.OptionalLiveReloadServer - [startServer,58] - LiveReload server is running on port 35729
15:34:55.367 [restartedMain] INFO  o.a.c.h.Http11NioProtocol - [log,173] - Starting ProtocolHandler ["http-nio-2090"]
15:34:55.373 [restartedMain] INFO  o.s.b.w.e.t.TomcatWebServer - [start,220] - Tomcat started on port(s): 2090 (http) with context path ''
15:34:55.380 [restartedMain] INFO  c.a.c.n.r.NacosServiceRegistry - [register,75] - nacos registry, edu edu-vr-service 10.0.97.173:2090 register finished
15:34:55.500 [restartedMain] INFO  c.z.e.VrServiceApplication - [logStarted,61] - Started VrServiceApplication in 3.884 seconds (JVM running for 4.468)
15:34:55.505 [restartedMain] INFO  c.z.e.VrServiceApplication - [main,22] - ---------------------------职教云VR模块启动成功---------------------------
15:34:55.769 [RMI TCP Connection(1)-10.0.97.173] INFO  o.a.c.c.C.[.[.[/] - [log,173] - Initializing Spring DispatcherServlet 'dispatcherServlet'
15:34:55.770 [RMI TCP Connection(1)-10.0.97.173] INFO  o.s.w.s.DispatcherServlet - [initServletBean,525] - Initializing Servlet 'dispatcherServlet'
15:34:55.771 [RMI TCP Connection(1)-10.0.97.173] INFO  o.s.w.s.DispatcherServlet - [initServletBean,547] - Completed initialization in 1 ms
15:34:55.859 [RMI TCP Connection(3)-10.0.97.173] INFO  c.z.h.HikariDataSource - [getConnection,110] - MyHikariCP - Starting...
15:34:56.043 [RMI TCP Connection(3)-10.0.97.173] INFO  c.z.h.HikariDataSource - [getConnection,123] - MyHikariCP - Start completed.
15:35:34.574 [SpringContextShutdownHook] INFO  c.a.c.n.r.NacosServiceRegistry - [deregister,90] - De-registering from Nacos Server now...
15:35:34.577 [SpringContextShutdownHook] INFO  c.a.c.n.r.NacosServiceRegistry - [deregister,110] - De-registration finished.
15:35:36.364 [background-preinit] INFO  o.h.v.i.util.Version - [<clinit>,21] - HV000001: Hibernate Validator 6.1.7.Final
15:35:36.368 [restartedMain] INFO  c.z.e.VrServiceApplication - [logStarting,55] - Starting VrServiceApplication using Java 1.8.0_271 on yangj with PID 26608 (D:\Java_Tools\IntelliJ IDEA_WorkPlace\edu-vr\edu-vr-admin\target\classes started by ZJ in D:\Java_Tools\IntelliJ IDEA_WorkPlace\edu-vr)
15:35:36.368 [restartedMain] INFO  c.z.e.VrServiceApplication - [logStartupProfileInfo,668] - The following profiles are active: dev
15:35:36.397 [restartedMain] INFO  o.s.b.d.e.DevToolsPropertyDefaultsPostProcessor - [logTo,255] - Devtools property defaults active! Set 'spring.devtools.add-properties' to 'false' to disable
15:35:36.397 [restartedMain] INFO  o.s.b.d.e.DevToolsPropertyDefaultsPostProcessor - [logTo,255] - For additional web related logging consider setting the 'logging.level.web' property to 'DEBUG'
15:35:37.239 [restartedMain] INFO  o.s.d.r.c.RepositoryConfigurationDelegate - [multipleStoresDetected,250] - Multiple Spring Data modules found, entering strict repository configuration mode!
15:35:37.241 [restartedMain] INFO  o.s.d.r.c.RepositoryConfigurationDelegate - [registerRepositoriesIn,128] - Bootstrapping Spring Data Redis repositories in DEFAULT mode.
15:35:37.256 [restartedMain] INFO  o.s.d.r.c.RepositoryConfigurationDelegate - [registerRepositoriesIn,188] - Finished Spring Data repository scanning in 7 ms. Found 0 Redis repository interfaces.
15:35:37.408 [restartedMain] INFO  o.s.c.c.s.GenericScope - [setSerializationId,283] - BeanFactory id=5acfe638-216e-3207-9570-44d988a33e6b
15:35:37.845 [restartedMain] INFO  o.s.b.w.e.t.TomcatWebServer - [initialize,108] - Tomcat initialized with port(s): 2090 (http)
15:35:37.851 [restartedMain] INFO  o.a.c.h.Http11NioProtocol - [log,173] - Initializing ProtocolHandler ["http-nio-2090"]
15:35:37.851 [restartedMain] INFO  o.a.c.c.StandardService - [log,173] - Starting service [Tomcat]
15:35:37.852 [restartedMain] INFO  o.a.c.c.StandardEngine - [log,173] - Starting Servlet engine: [Apache Tomcat/9.0.46]
15:35:37.920 [restartedMain] INFO  o.a.c.c.C.[.[.[/] - [log,173] - Initializing Spring embedded WebApplicationContext
15:35:37.920 [restartedMain] INFO  o.s.b.w.s.c.ServletWebServerApplicationContext - [prepareWebApplicationContext,289] - Root WebApplicationContext: initialization completed in 1522 ms
15:35:38.244 [restartedMain] INFO  org.redisson.Version - [logVersion,41] - Redisson 3.15.2
15:35:38.538 [redisson-netty-2-16] INFO  o.r.c.p.MasterPubSubConnectionPool - [lambda$run$0,165] - 1 connections initialized for localhost/127.0.0.1:6379
15:35:38.542 [redisson-netty-2-17] INFO  o.r.c.p.MasterConnectionPool - [lambda$run$0,165] - 24 connections initialized for localhost/127.0.0.1:6379
15:35:39.058 [restartedMain] INFO  o.s.b.a.e.w.EndpointLinksResolver - [<init>,58] - Exposing 2 endpoint(s) beneath base path '/actuator'
15:35:39.165 [restartedMain] INFO  o.s.b.d.a.OptionalLiveReloadServer - [startServer,58] - LiveReload server is running on port 35729
15:35:39.657 [restartedMain] INFO  o.a.c.h.Http11NioProtocol - [log,173] - Starting ProtocolHandler ["http-nio-2090"]
15:35:39.665 [restartedMain] INFO  o.s.b.w.e.t.TomcatWebServer - [start,220] - Tomcat started on port(s): 2090 (http) with context path ''
15:35:39.672 [restartedMain] INFO  c.a.c.n.r.NacosServiceRegistry - [register,75] - nacos registry, edu edu-vr-service 10.0.97.173:2090 register finished
15:35:39.781 [restartedMain] INFO  c.z.e.VrServiceApplication - [logStarted,61] - Started VrServiceApplication in 3.816 seconds (JVM running for 4.405)
15:35:39.786 [restartedMain] INFO  c.z.e.VrServiceApplication - [main,22] - ---------------------------职教云VR模块启动成功---------------------------
15:35:40.062 [RMI TCP Connection(2)-10.0.97.173] INFO  o.a.c.c.C.[.[.[/] - [log,173] - Initializing Spring DispatcherServlet 'dispatcherServlet'
15:35:40.063 [RMI TCP Connection(2)-10.0.97.173] INFO  o.s.w.s.DispatcherServlet - [initServletBean,525] - Initializing Servlet 'dispatcherServlet'
15:35:40.064 [RMI TCP Connection(2)-10.0.97.173] INFO  o.s.w.s.DispatcherServlet - [initServletBean,547] - Completed initialization in 1 ms
15:35:40.067 [RMI TCP Connection(3)-10.0.97.173] INFO  c.z.h.HikariDataSource - [getConnection,110] - MyHikariCP - Starting...
15:35:40.248 [RMI TCP Connection(3)-10.0.97.173] INFO  c.z.h.HikariDataSource - [getConnection,123] - MyHikariCP - Start completed.
15:37:03.921 [SpringContextShutdownHook] INFO  c.a.c.n.r.NacosServiceRegistry - [deregister,90] - De-registering from Nacos Server now...
15:37:03.923 [SpringContextShutdownHook] INFO  c.a.c.n.r.NacosServiceRegistry - [deregister,110] - De-registration finished.
15:37:06.580 [background-preinit] INFO  o.h.v.i.util.Version - [<clinit>,21] - HV000001: Hibernate Validator 6.1.7.Final
15:37:06.584 [restartedMain] INFO  c.z.e.VrServiceApplication - [logStarting,55] - Starting VrServiceApplication using Java 1.8.0_271 on yangj with PID 23652 (D:\Java_Tools\IntelliJ IDEA_WorkPlace\edu-vr\edu-vr-admin\target\classes started by ZJ in D:\Java_Tools\IntelliJ IDEA_WorkPlace\edu-vr)
15:37:06.584 [restartedMain] INFO  c.z.e.VrServiceApplication - [logStartupProfileInfo,668] - The following profiles are active: dev
15:37:06.612 [restartedMain] INFO  o.s.b.d.e.DevToolsPropertyDefaultsPostProcessor - [logTo,255] - Devtools property defaults active! Set 'spring.devtools.add-properties' to 'false' to disable
15:37:06.612 [restartedMain] INFO  o.s.b.d.e.DevToolsPropertyDefaultsPostProcessor - [logTo,255] - For additional web related logging consider setting the 'logging.level.web' property to 'DEBUG'
15:37:07.484 [restartedMain] INFO  o.s.d.r.c.RepositoryConfigurationDelegate - [multipleStoresDetected,250] - Multiple Spring Data modules found, entering strict repository configuration mode!
15:37:07.486 [restartedMain] INFO  o.s.d.r.c.RepositoryConfigurationDelegate - [registerRepositoriesIn,128] - Bootstrapping Spring Data Redis repositories in DEFAULT mode.
15:37:07.501 [restartedMain] INFO  o.s.d.r.c.RepositoryConfigurationDelegate - [registerRepositoriesIn,188] - Finished Spring Data repository scanning in 7 ms. Found 0 Redis repository interfaces.
15:37:07.653 [restartedMain] INFO  o.s.c.c.s.GenericScope - [setSerializationId,283] - BeanFactory id=5acfe638-216e-3207-9570-44d988a33e6b
15:37:08.056 [restartedMain] INFO  o.s.b.w.e.t.TomcatWebServer - [initialize,108] - Tomcat initialized with port(s): 2090 (http)
15:37:08.062 [restartedMain] INFO  o.a.c.h.Http11NioProtocol - [log,173] - Initializing ProtocolHandler ["http-nio-2090"]
15:37:08.062 [restartedMain] INFO  o.a.c.c.StandardService - [log,173] - Starting service [Tomcat]
15:37:08.062 [restartedMain] INFO  o.a.c.c.StandardEngine - [log,173] - Starting Servlet engine: [Apache Tomcat/9.0.46]
15:37:08.130 [restartedMain] INFO  o.a.c.c.C.[.[.[/] - [log,173] - Initializing Spring embedded WebApplicationContext
15:37:08.130 [restartedMain] INFO  o.s.b.w.s.c.ServletWebServerApplicationContext - [prepareWebApplicationContext,289] - Root WebApplicationContext: initialization completed in 1517 ms
15:37:08.448 [restartedMain] INFO  org.redisson.Version - [logVersion,41] - Redisson 3.15.2
15:37:08.745 [redisson-netty-2-16] INFO  o.r.c.p.MasterPubSubConnectionPool - [lambda$run$0,165] - 1 connections initialized for localhost/127.0.0.1:6379
15:37:08.749 [redisson-netty-2-20] INFO  o.r.c.p.MasterConnectionPool - [lambda$run$0,165] - 24 connections initialized for localhost/127.0.0.1:6379
15:37:09.280 [restartedMain] INFO  o.s.b.a.e.w.EndpointLinksResolver - [<init>,58] - Exposing 2 endpoint(s) beneath base path '/actuator'
15:37:09.381 [restartedMain] INFO  o.s.b.d.a.OptionalLiveReloadServer - [startServer,58] - LiveReload server is running on port 35729
15:37:09.899 [restartedMain] INFO  o.a.c.h.Http11NioProtocol - [log,173] - Starting ProtocolHandler ["http-nio-2090"]
15:37:09.906 [restartedMain] INFO  o.s.b.w.e.t.TomcatWebServer - [start,220] - Tomcat started on port(s): 2090 (http) with context path ''
15:37:09.913 [restartedMain] INFO  c.a.c.n.r.NacosServiceRegistry - [register,75] - nacos registry, edu edu-vr-service 10.0.97.173:2090 register finished
15:37:10.159 [restartedMain] INFO  c.z.e.VrServiceApplication - [logStarted,61] - Started VrServiceApplication in 3.972 seconds (JVM running for 4.541)
15:37:10.164 [restartedMain] INFO  c.z.e.VrServiceApplication - [main,22] - ---------------------------职教云VR模块启动成功---------------------------
15:37:10.558 [RMI TCP Connection(2)-10.0.97.173] INFO  o.a.c.c.C.[.[.[/] - [log,173] - Initializing Spring DispatcherServlet 'dispatcherServlet'
15:37:10.558 [RMI TCP Connection(2)-10.0.97.173] INFO  o.s.w.s.DispatcherServlet - [initServletBean,525] - Initializing Servlet 'dispatcherServlet'
15:37:10.559 [RMI TCP Connection(2)-10.0.97.173] INFO  o.s.w.s.DispatcherServlet - [initServletBean,547] - Completed initialization in 1 ms
15:37:10.563 [RMI TCP Connection(1)-10.0.97.173] INFO  c.z.h.HikariDataSource - [getConnection,110] - MyHikariCP - Starting...
15:37:10.776 [RMI TCP Connection(1)-10.0.97.173] INFO  c.z.h.HikariDataSource - [getConnection,123] - MyHikariCP - Start completed.
16:06:37.748 [SpringContextShutdownHook] INFO  c.a.c.n.r.NacosServiceRegistry - [deregister,90] - De-registering from Nacos Server now...
16:06:37.750 [SpringContextShutdownHook] INFO  c.a.c.n.r.NacosServiceRegistry - [deregister,110] - De-registration finished.
16:06:42.089 [background-preinit] INFO  o.h.v.i.util.Version - [<clinit>,21] - HV000001: Hibernate Validator 6.1.7.Final
16:06:42.094 [restartedMain] INFO  c.z.e.VrServiceApplication - [logStarting,55] - Starting VrServiceApplication using Java 1.8.0_271 on yangj with PID 19520 (D:\Java_Tools\IntelliJ IDEA_WorkPlace\edu-vr\edu-vr-admin\target\classes started by ZJ in D:\Java_Tools\IntelliJ IDEA_WorkPlace\edu-vr)
16:06:42.094 [restartedMain] INFO  c.z.e.VrServiceApplication - [logStartupProfileInfo,668] - The following profiles are active: dev
16:06:42.122 [restartedMain] INFO  o.s.b.d.e.DevToolsPropertyDefaultsPostProcessor - [logTo,255] - Devtools property defaults active! Set 'spring.devtools.add-properties' to 'false' to disable
16:06:42.122 [restartedMain] INFO  o.s.b.d.e.DevToolsPropertyDefaultsPostProcessor - [logTo,255] - For additional web related logging consider setting the 'logging.level.web' property to 'DEBUG'
16:06:42.971 [restartedMain] INFO  o.s.d.r.c.RepositoryConfigurationDelegate - [multipleStoresDetected,250] - Multiple Spring Data modules found, entering strict repository configuration mode!
16:06:42.973 [restartedMain] INFO  o.s.d.r.c.RepositoryConfigurationDelegate - [registerRepositoriesIn,128] - Bootstrapping Spring Data Redis repositories in DEFAULT mode.
16:06:42.988 [restartedMain] INFO  o.s.d.r.c.RepositoryConfigurationDelegate - [registerRepositoriesIn,188] - Finished Spring Data repository scanning in 7 ms. Found 0 Redis repository interfaces.
16:06:43.141 [restartedMain] INFO  o.s.c.c.s.GenericScope - [setSerializationId,283] - BeanFactory id=e0bb89e4-15e1-3e7c-a92e-1429c2a1c4e6
16:06:43.543 [restartedMain] INFO  o.s.b.w.e.t.TomcatWebServer - [initialize,108] - Tomcat initialized with port(s): 2090 (http)
16:06:43.549 [restartedMain] INFO  o.a.c.h.Http11NioProtocol - [log,173] - Initializing ProtocolHandler ["http-nio-2090"]
16:06:43.549 [restartedMain] INFO  o.a.c.c.StandardService - [log,173] - Starting service [Tomcat]
16:06:43.549 [restartedMain] INFO  o.a.c.c.StandardEngine - [log,173] - Starting Servlet engine: [Apache Tomcat/9.0.46]
16:06:43.619 [restartedMain] INFO  o.a.c.c.C.[.[.[/] - [log,173] - Initializing Spring embedded WebApplicationContext
16:06:43.619 [restartedMain] INFO  o.s.b.w.s.c.ServletWebServerApplicationContext - [prepareWebApplicationContext,289] - Root WebApplicationContext: initialization completed in 1497 ms
16:06:43.942 [restartedMain] INFO  org.redisson.Version - [logVersion,41] - Redisson 3.15.2
16:06:44.258 [redisson-netty-2-18] INFO  o.r.c.p.MasterPubSubConnectionPool - [lambda$run$0,165] - 1 connections initialized for localhost/127.0.0.1:6379
16:06:44.261 [redisson-netty-2-20] INFO  o.r.c.p.MasterConnectionPool - [lambda$run$0,165] - 24 connections initialized for localhost/127.0.0.1:6379
16:06:44.774 [restartedMain] INFO  o.s.b.a.e.w.EndpointLinksResolver - [<init>,58] - Exposing 2 endpoint(s) beneath base path '/actuator'
16:06:44.878 [restartedMain] INFO  o.s.b.d.a.OptionalLiveReloadServer - [startServer,58] - LiveReload server is running on port 35729
16:06:45.372 [restartedMain] INFO  o.a.c.h.Http11NioProtocol - [log,173] - Starting ProtocolHandler ["http-nio-2090"]
16:06:45.379 [restartedMain] INFO  o.s.b.w.e.t.TomcatWebServer - [start,220] - Tomcat started on port(s): 2090 (http) with context path ''
16:06:45.386 [restartedMain] INFO  c.a.c.n.r.NacosServiceRegistry - [register,75] - nacos registry, edu edu-vr-service 10.0.97.173:2090 register finished
16:06:45.594 [restartedMain] INFO  c.z.e.VrServiceApplication - [logStarted,61] - Started VrServiceApplication in 3.888 seconds (JVM running for 4.453)
16:06:45.599 [restartedMain] INFO  c.z.e.VrServiceApplication - [main,22] - ---------------------------职教云VR模块启动成功---------------------------
16:06:45.711 [RMI TCP Connection(1)-10.0.97.173] INFO  o.a.c.c.C.[.[.[/] - [log,173] - Initializing Spring DispatcherServlet 'dispatcherServlet'
16:06:45.711 [RMI TCP Connection(1)-10.0.97.173] INFO  o.s.w.s.DispatcherServlet - [initServletBean,525] - Initializing Servlet 'dispatcherServlet'
16:06:45.713 [RMI TCP Connection(1)-10.0.97.173] INFO  o.s.w.s.DispatcherServlet - [initServletBean,547] - Completed initialization in 2 ms
16:06:45.729 [RMI TCP Connection(2)-10.0.97.173] INFO  c.z.h.HikariDataSource - [getConnection,110] - MyHikariCP - Starting...
16:06:45.976 [RMI TCP Connection(2)-10.0.97.173] INFO  c.z.h.HikariDataSource - [getConnection,123] - MyHikariCP - Start completed.
16:32:42.752 [SpringContextShutdownHook] INFO  c.a.c.n.r.NacosServiceRegistry - [deregister,90] - De-registering from Nacos Server now...
16:32:42.754 [SpringContextShutdownHook] INFO  c.a.c.n.r.NacosServiceRegistry - [deregister,110] - De-registration finished.
16:32:47.868 [background-preinit] INFO  o.h.v.i.util.Version - [<clinit>,21] - HV000001: Hibernate Validator 6.1.7.Final
16:32:47.873 [restartedMain] INFO  c.z.e.VrServiceApplication - [logStarting,55] - Starting VrServiceApplication using Java 1.8.0_271 on yangj with PID 18276 (D:\Java_Tools\IntelliJ IDEA_WorkPlace\edu-vr\edu-vr-admin\target\classes started by ZJ in D:\Java_Tools\IntelliJ IDEA_WorkPlace\edu-vr)
16:32:47.873 [restartedMain] INFO  c.z.e.VrServiceApplication - [logStartupProfileInfo,668] - The following profiles are active: dev
16:32:47.901 [restartedMain] INFO  o.s.b.d.e.DevToolsPropertyDefaultsPostProcessor - [logTo,255] - Devtools property defaults active! Set 'spring.devtools.add-properties' to 'false' to disable
16:32:47.901 [restartedMain] INFO  o.s.b.d.e.DevToolsPropertyDefaultsPostProcessor - [logTo,255] - For additional web related logging consider setting the 'logging.level.web' property to 'DEBUG'
16:32:48.742 [restartedMain] INFO  o.s.d.r.c.RepositoryConfigurationDelegate - [multipleStoresDetected,250] - Multiple Spring Data modules found, entering strict repository configuration mode!
16:32:48.743 [restartedMain] INFO  o.s.d.r.c.RepositoryConfigurationDelegate - [registerRepositoriesIn,128] - Bootstrapping Spring Data Redis repositories in DEFAULT mode.
16:32:48.758 [restartedMain] INFO  o.s.d.r.c.RepositoryConfigurationDelegate - [registerRepositoriesIn,188] - Finished Spring Data repository scanning in 7 ms. Found 0 Redis repository interfaces.
16:32:48.908 [restartedMain] INFO  o.s.c.c.s.GenericScope - [setSerializationId,283] - BeanFactory id=e0bb89e4-15e1-3e7c-a92e-1429c2a1c4e6
16:32:49.303 [restartedMain] INFO  o.s.b.w.e.t.TomcatWebServer - [initialize,108] - Tomcat initialized with port(s): 2090 (http)
16:32:49.309 [restartedMain] INFO  o.a.c.h.Http11NioProtocol - [log,173] - Initializing ProtocolHandler ["http-nio-2090"]
16:32:49.309 [restartedMain] INFO  o.a.c.c.StandardService - [log,173] - Starting service [Tomcat]
16:32:49.309 [restartedMain] INFO  o.a.c.c.StandardEngine - [log,173] - Starting Servlet engine: [Apache Tomcat/9.0.46]
16:32:49.376 [restartedMain] INFO  o.a.c.c.C.[.[.[/] - [log,173] - Initializing Spring embedded WebApplicationContext
16:32:49.376 [restartedMain] INFO  o.s.b.w.s.c.ServletWebServerApplicationContext - [prepareWebApplicationContext,289] - Root WebApplicationContext: initialization completed in 1474 ms
16:32:49.657 [restartedMain] INFO  o.a.c.c.StandardService - [log,173] - Stopping service [Tomcat]
16:32:49.669 [restartedMain] INFO  o.s.b.a.l.ConditionEvaluationReportLoggingListener - [logMessage,136] - 

Error starting ApplicationContext. To display the conditions report re-run your application with 'debug' enabled.
16:33:11.674 [background-preinit] INFO  o.h.v.i.util.Version - [<clinit>,21] - HV000001: Hibernate Validator 6.1.7.Final
16:33:11.680 [restartedMain] INFO  c.z.e.VrServiceApplication - [logStarting,55] - Starting VrServiceApplication using Java 1.8.0_271 on yangj with PID 24120 (D:\Java_Tools\IntelliJ IDEA_WorkPlace\edu-vr\edu-vr-admin\target\classes started by ZJ in D:\Java_Tools\IntelliJ IDEA_WorkPlace\edu-vr)
16:33:11.681 [restartedMain] INFO  c.z.e.VrServiceApplication - [logStartupProfileInfo,668] - The following profiles are active: dev
16:33:11.721 [restartedMain] INFO  o.s.b.d.e.DevToolsPropertyDefaultsPostProcessor - [logTo,255] - Devtools property defaults active! Set 'spring.devtools.add-properties' to 'false' to disable
16:33:11.721 [restartedMain] INFO  o.s.b.d.e.DevToolsPropertyDefaultsPostProcessor - [logTo,255] - For additional web related logging consider setting the 'logging.level.web' property to 'DEBUG'
16:33:12.564 [restartedMain] INFO  o.s.d.r.c.RepositoryConfigurationDelegate - [multipleStoresDetected,250] - Multiple Spring Data modules found, entering strict repository configuration mode!
16:33:12.566 [restartedMain] INFO  o.s.d.r.c.RepositoryConfigurationDelegate - [registerRepositoriesIn,128] - Bootstrapping Spring Data Redis repositories in DEFAULT mode.
16:33:12.581 [restartedMain] INFO  o.s.d.r.c.RepositoryConfigurationDelegate - [registerRepositoriesIn,188] - Finished Spring Data repository scanning in 7 ms. Found 0 Redis repository interfaces.
16:33:12.733 [restartedMain] INFO  o.s.c.c.s.GenericScope - [setSerializationId,283] - BeanFactory id=8bd0f989-dbbc-324b-b003-fa81ab612cce
16:33:13.126 [restartedMain] INFO  o.s.b.w.e.t.TomcatWebServer - [initialize,108] - Tomcat initialized with port(s): 2090 (http)
16:33:13.132 [restartedMain] INFO  o.a.c.h.Http11NioProtocol - [log,173] - Initializing ProtocolHandler ["http-nio-2090"]
16:33:13.133 [restartedMain] INFO  o.a.c.c.StandardService - [log,173] - Starting service [Tomcat]
16:33:13.133 [restartedMain] INFO  o.a.c.c.StandardEngine - [log,173] - Starting Servlet engine: [Apache Tomcat/9.0.46]
16:33:13.199 [restartedMain] INFO  o.a.c.c.C.[.[.[/] - [log,173] - Initializing Spring embedded WebApplicationContext
16:33:13.200 [restartedMain] INFO  o.s.b.w.s.c.ServletWebServerApplicationContext - [prepareWebApplicationContext,289] - Root WebApplicationContext: initialization completed in 1479 ms
16:33:13.527 [restartedMain] INFO  org.redisson.Version - [logVersion,41] - Redisson 3.15.2
16:33:13.816 [redisson-netty-2-17] INFO  o.r.c.p.MasterPubSubConnectionPool - [lambda$run$0,165] - 1 connections initialized for localhost/127.0.0.1:6379
16:33:13.819 [redisson-netty-2-20] INFO  o.r.c.p.MasterConnectionPool - [lambda$run$0,165] - 24 connections initialized for localhost/127.0.0.1:6379
16:33:14.336 [restartedMain] INFO  o.s.b.a.e.w.EndpointLinksResolver - [<init>,58] - Exposing 2 endpoint(s) beneath base path '/actuator'
16:33:14.443 [restartedMain] INFO  o.s.b.d.a.OptionalLiveReloadServer - [startServer,58] - LiveReload server is running on port 35729
16:33:14.954 [restartedMain] INFO  o.a.c.h.Http11NioProtocol - [log,173] - Starting ProtocolHandler ["http-nio-2090"]
16:33:14.961 [restartedMain] INFO  o.s.b.w.e.t.TomcatWebServer - [start,220] - Tomcat started on port(s): 2090 (http) with context path ''
16:33:14.968 [restartedMain] INFO  c.a.c.n.r.NacosServiceRegistry - [register,75] - nacos registry, edu edu-vr-service 10.0.97.173:2090 register finished
16:33:15.174 [restartedMain] INFO  c.z.e.VrServiceApplication - [logStarted,61] - Started VrServiceApplication in 3.909 seconds (JVM running for 4.452)
16:33:15.179 [restartedMain] INFO  c.z.e.VrServiceApplication - [main,22] - ---------------------------职教云VR模块启动成功---------------------------
16:33:15.475 [RMI TCP Connection(1)-10.0.97.173] INFO  o.a.c.c.C.[.[.[/] - [log,173] - Initializing Spring DispatcherServlet 'dispatcherServlet'
16:33:15.475 [RMI TCP Connection(1)-10.0.97.173] INFO  o.s.w.s.DispatcherServlet - [initServletBean,525] - Initializing Servlet 'dispatcherServlet'
16:33:15.477 [RMI TCP Connection(1)-10.0.97.173] INFO  o.s.w.s.DispatcherServlet - [initServletBean,547] - Completed initialization in 2 ms
16:33:15.480 [RMI TCP Connection(2)-10.0.97.173] INFO  c.z.h.HikariDataSource - [getConnection,110] - MyHikariCP - Starting...
16:33:15.694 [RMI TCP Connection(2)-10.0.97.173] INFO  c.z.h.HikariDataSource - [getConnection,123] - MyHikariCP - Start completed.
16:33:59.185 [SpringContextShutdownHook] INFO  c.a.c.n.r.NacosServiceRegistry - [deregister,90] - De-registering from Nacos Server now...
16:33:59.187 [SpringContextShutdownHook] INFO  c.a.c.n.r.NacosServiceRegistry - [deregister,110] - De-registration finished.
16:34:00.953 [background-preinit] INFO  o.h.v.i.util.Version - [<clinit>,21] - HV000001: Hibernate Validator 6.1.7.Final
16:34:00.957 [restartedMain] INFO  c.z.e.VrServiceApplication - [logStarting,55] - Starting VrServiceApplication using Java 1.8.0_271 on yangj with PID 18360 (D:\Java_Tools\IntelliJ IDEA_WorkPlace\edu-vr\edu-vr-admin\target\classes started by ZJ in D:\Java_Tools\IntelliJ IDEA_WorkPlace\edu-vr)
16:34:00.958 [restartedMain] INFO  c.z.e.VrServiceApplication - [logStartupProfileInfo,668] - The following profiles are active: dev
16:34:00.987 [restartedMain] INFO  o.s.b.d.e.DevToolsPropertyDefaultsPostProcessor - [logTo,255] - Devtools property defaults active! Set 'spring.devtools.add-properties' to 'false' to disable
16:34:00.987 [restartedMain] INFO  o.s.b.d.e.DevToolsPropertyDefaultsPostProcessor - [logTo,255] - For additional web related logging consider setting the 'logging.level.web' property to 'DEBUG'
16:34:01.828 [restartedMain] INFO  o.s.d.r.c.RepositoryConfigurationDelegate - [multipleStoresDetected,250] - Multiple Spring Data modules found, entering strict repository configuration mode!
16:34:01.830 [restartedMain] INFO  o.s.d.r.c.RepositoryConfigurationDelegate - [registerRepositoriesIn,128] - Bootstrapping Spring Data Redis repositories in DEFAULT mode.
16:34:01.845 [restartedMain] INFO  o.s.d.r.c.RepositoryConfigurationDelegate - [registerRepositoriesIn,188] - Finished Spring Data repository scanning in 7 ms. Found 0 Redis repository interfaces.
16:34:01.998 [restartedMain] INFO  o.s.c.c.s.GenericScope - [setSerializationId,283] - BeanFactory id=8bd0f989-dbbc-324b-b003-fa81ab612cce
16:34:02.394 [restartedMain] INFO  o.s.b.w.e.t.TomcatWebServer - [initialize,108] - Tomcat initialized with port(s): 2090 (http)
16:34:02.399 [restartedMain] INFO  o.a.c.h.Http11NioProtocol - [log,173] - Initializing ProtocolHandler ["http-nio-2090"]
16:34:02.400 [restartedMain] INFO  o.a.c.c.StandardService - [log,173] - Starting service [Tomcat]
16:34:02.400 [restartedMain] INFO  o.a.c.c.StandardEngine - [log,173] - Starting Servlet engine: [Apache Tomcat/9.0.46]
16:34:02.469 [restartedMain] INFO  o.a.c.c.C.[.[.[/] - [log,173] - Initializing Spring embedded WebApplicationContext
16:34:02.469 [restartedMain] INFO  o.s.b.w.s.c.ServletWebServerApplicationContext - [prepareWebApplicationContext,289] - Root WebApplicationContext: initialization completed in 1481 ms
16:34:02.799 [restartedMain] INFO  org.redisson.Version - [logVersion,41] - Redisson 3.15.2
16:34:03.170 [redisson-netty-2-20] INFO  o.r.c.p.MasterPubSubConnectionPool - [lambda$run$0,165] - 1 connections initialized for localhost/127.0.0.1:6379
16:34:03.175 [redisson-netty-2-16] INFO  o.r.c.p.MasterConnectionPool - [lambda$run$0,165] - 24 connections initialized for localhost/127.0.0.1:6379
16:34:03.858 [restartedMain] INFO  o.s.b.a.e.w.EndpointLinksResolver - [<init>,58] - Exposing 2 endpoint(s) beneath base path '/actuator'
16:34:04.030 [restartedMain] INFO  o.s.b.d.a.OptionalLiveReloadServer - [startServer,58] - LiveReload server is running on port 35729
16:34:04.712 [restartedMain] INFO  o.a.c.h.Http11NioProtocol - [log,173] - Starting ProtocolHandler ["http-nio-2090"]
16:34:04.723 [restartedMain] INFO  o.s.b.w.e.t.TomcatWebServer - [start,220] - Tomcat started on port(s): 2090 (http) with context path ''
16:34:04.731 [restartedMain] INFO  c.a.c.n.r.NacosServiceRegistry - [register,75] - nacos registry, edu edu-vr-service 10.0.97.173:2090 register finished
16:34:04.990 [restartedMain] INFO  c.z.e.VrServiceApplication - [logStarted,61] - Started VrServiceApplication in 4.446 seconds (JVM running for 5.062)
16:34:04.996 [restartedMain] INFO  c.z.e.VrServiceApplication - [main,22] - ---------------------------职教云VR模块启动成功---------------------------
16:34:05.493 [RMI TCP Connection(2)-10.0.97.173] INFO  o.a.c.c.C.[.[.[/] - [log,173] - Initializing Spring DispatcherServlet 'dispatcherServlet'
16:34:05.494 [RMI TCP Connection(2)-10.0.97.173] INFO  o.s.w.s.DispatcherServlet - [initServletBean,525] - Initializing Servlet 'dispatcherServlet'
16:34:05.495 [RMI TCP Connection(2)-10.0.97.173] INFO  o.s.w.s.DispatcherServlet - [initServletBean,547] - Completed initialization in 1 ms
16:34:05.498 [RMI TCP Connection(1)-10.0.97.173] INFO  c.z.h.HikariDataSource - [getConnection,110] - MyHikariCP - Starting...
16:34:05.760 [RMI TCP Connection(1)-10.0.97.173] INFO  c.z.h.HikariDataSource - [getConnection,123] - MyHikariCP - Start completed.
16:34:30.142 [SpringContextShutdownHook] INFO  c.a.c.n.r.NacosServiceRegistry - [deregister,90] - De-registering from Nacos Server now...
16:34:30.144 [SpringContextShutdownHook] INFO  c.a.c.n.r.NacosServiceRegistry - [deregister,110] - De-registration finished.
16:34:31.980 [background-preinit] INFO  o.h.v.i.util.Version - [<clinit>,21] - HV000001: Hibernate Validator 6.1.7.Final
16:34:31.985 [restartedMain] INFO  c.z.e.VrServiceApplication - [logStarting,55] - Starting VrServiceApplication using Java 1.8.0_271 on yangj with PID 23732 (D:\Java_Tools\IntelliJ IDEA_WorkPlace\edu-vr\edu-vr-admin\target\classes started by ZJ in D:\Java_Tools\IntelliJ IDEA_WorkPlace\edu-vr)
16:34:31.985 [restartedMain] INFO  c.z.e.VrServiceApplication - [logStartupProfileInfo,668] - The following profiles are active: dev
16:34:32.012 [restartedMain] INFO  o.s.b.d.e.DevToolsPropertyDefaultsPostProcessor - [logTo,255] - Devtools property defaults active! Set 'spring.devtools.add-properties' to 'false' to disable
16:34:32.012 [restartedMain] INFO  o.s.b.d.e.DevToolsPropertyDefaultsPostProcessor - [logTo,255] - For additional web related logging consider setting the 'logging.level.web' property to 'DEBUG'
16:34:32.879 [restartedMain] INFO  o.s.d.r.c.RepositoryConfigurationDelegate - [multipleStoresDetected,250] - Multiple Spring Data modules found, entering strict repository configuration mode!
16:34:32.881 [restartedMain] INFO  o.s.d.r.c.RepositoryConfigurationDelegate - [registerRepositoriesIn,128] - Bootstrapping Spring Data Redis repositories in DEFAULT mode.
16:34:32.913 [restartedMain] INFO  o.s.d.r.c.RepositoryConfigurationDelegate - [registerRepositoriesIn,188] - Finished Spring Data repository scanning in 19 ms. Found 0 Redis repository interfaces.
16:34:33.081 [restartedMain] INFO  o.s.c.c.s.GenericScope - [setSerializationId,283] - BeanFactory id=8bd0f989-dbbc-324b-b003-fa81ab612cce
16:34:33.482 [restartedMain] INFO  o.s.b.w.e.t.TomcatWebServer - [initialize,108] - Tomcat initialized with port(s): 2090 (http)
16:34:33.488 [restartedMain] INFO  o.a.c.h.Http11NioProtocol - [log,173] - Initializing ProtocolHandler ["http-nio-2090"]
16:34:33.489 [restartedMain] INFO  o.a.c.c.StandardService - [log,173] - Starting service [Tomcat]
16:34:33.489 [restartedMain] INFO  o.a.c.c.StandardEngine - [log,173] - Starting Servlet engine: [Apache Tomcat/9.0.46]
16:34:33.559 [restartedMain] INFO  o.a.c.c.C.[.[.[/] - [log,173] - Initializing Spring embedded WebApplicationContext
16:34:33.559 [restartedMain] INFO  o.s.b.w.s.c.ServletWebServerApplicationContext - [prepareWebApplicationContext,289] - Root WebApplicationContext: initialization completed in 1546 ms
16:34:33.885 [restartedMain] INFO  org.redisson.Version - [logVersion,41] - Redisson 3.15.2
16:34:34.173 [redisson-netty-2-24] INFO  o.r.c.p.MasterPubSubConnectionPool - [lambda$run$0,165] - 1 connections initialized for localhost/127.0.0.1:6379
16:34:34.177 [redisson-netty-2-20] INFO  o.r.c.p.MasterConnectionPool - [lambda$run$0,165] - 24 connections initialized for localhost/127.0.0.1:6379
16:34:34.682 [restartedMain] INFO  o.s.b.a.e.w.EndpointLinksResolver - [<init>,58] - Exposing 2 endpoint(s) beneath base path '/actuator'
16:34:34.782 [restartedMain] INFO  o.s.b.d.a.OptionalLiveReloadServer - [startServer,58] - LiveReload server is running on port 35729
16:34:35.259 [restartedMain] INFO  o.a.c.h.Http11NioProtocol - [log,173] - Starting ProtocolHandler ["http-nio-2090"]
16:34:35.265 [restartedMain] INFO  o.s.b.w.e.t.TomcatWebServer - [start,220] - Tomcat started on port(s): 2090 (http) with context path ''
16:34:35.272 [restartedMain] INFO  c.a.c.n.r.NacosServiceRegistry - [register,75] - nacos registry, edu edu-vr-service 10.0.97.173:2090 register finished
16:34:35.483 [restartedMain] INFO  c.z.e.VrServiceApplication - [logStarted,61] - Started VrServiceApplication in 3.885 seconds (JVM running for 4.533)
16:34:35.488 [restartedMain] INFO  c.z.e.VrServiceApplication - [main,22] - ---------------------------职教云VR模块启动成功---------------------------
16:34:35.628 [RMI TCP Connection(1)-10.0.97.173] INFO  o.a.c.c.C.[.[.[/] - [log,173] - Initializing Spring DispatcherServlet 'dispatcherServlet'
16:34:35.628 [RMI TCP Connection(1)-10.0.97.173] INFO  o.s.w.s.DispatcherServlet - [initServletBean,525] - Initializing Servlet 'dispatcherServlet'
16:34:35.629 [RMI TCP Connection(1)-10.0.97.173] INFO  o.s.w.s.DispatcherServlet - [initServletBean,547] - Completed initialization in 1 ms
16:34:35.633 [RMI TCP Connection(2)-10.0.97.173] INFO  c.z.h.HikariDataSource - [getConnection,110] - MyHikariCP - Starting...
16:34:35.830 [RMI TCP Connection(2)-10.0.97.173] INFO  c.z.h.HikariDataSource - [getConnection,123] - MyHikariCP - Start completed.
16:50:09.343 [SpringContextShutdownHook] INFO  c.a.c.n.r.NacosServiceRegistry - [deregister,90] - De-registering from Nacos Server now...
16:50:09.345 [SpringContextShutdownHook] INFO  c.a.c.n.r.NacosServiceRegistry - [deregister,110] - De-registration finished.
16:50:14.000 [background-preinit] INFO  o.h.v.i.util.Version - [<clinit>,21] - HV000001: Hibernate Validator 6.1.7.Final
16:50:14.003 [restartedMain] INFO  c.z.e.VrServiceApplication - [logStarting,55] - Starting VrServiceApplication using Java 1.8.0_271 on yangj with PID 12116 (D:\Java_Tools\IntelliJ IDEA_WorkPlace\edu-vr\edu-vr-admin\target\classes started by ZJ in D:\Java_Tools\IntelliJ IDEA_WorkPlace\edu-vr)
16:50:14.004 [restartedMain] INFO  c.z.e.VrServiceApplication - [logStartupProfileInfo,668] - The following profiles are active: dev
16:50:14.033 [restartedMain] INFO  o.s.b.d.e.DevToolsPropertyDefaultsPostProcessor - [logTo,255] - Devtools property defaults active! Set 'spring.devtools.add-properties' to 'false' to disable
16:50:14.033 [restartedMain] INFO  o.s.b.d.e.DevToolsPropertyDefaultsPostProcessor - [logTo,255] - For additional web related logging consider setting the 'logging.level.web' property to 'DEBUG'
16:50:14.942 [restartedMain] INFO  o.s.d.r.c.RepositoryConfigurationDelegate - [multipleStoresDetected,250] - Multiple Spring Data modules found, entering strict repository configuration mode!
16:50:14.943 [restartedMain] INFO  o.s.d.r.c.RepositoryConfigurationDelegate - [registerRepositoriesIn,128] - Bootstrapping Spring Data Redis repositories in DEFAULT mode.
16:50:14.959 [restartedMain] INFO  o.s.d.r.c.RepositoryConfigurationDelegate - [registerRepositoriesIn,188] - Finished Spring Data repository scanning in 7 ms. Found 0 Redis repository interfaces.
16:50:15.119 [restartedMain] INFO  o.s.c.c.s.GenericScope - [setSerializationId,283] - BeanFactory id=b2657897-4af5-32e5-993e-1eae96d1038b
16:50:15.539 [restartedMain] INFO  o.s.b.w.e.t.TomcatWebServer - [initialize,108] - Tomcat initialized with port(s): 2090 (http)
16:50:15.545 [restartedMain] INFO  o.a.c.h.Http11NioProtocol - [log,173] - Initializing ProtocolHandler ["http-nio-2090"]
16:50:15.546 [restartedMain] INFO  o.a.c.c.StandardService - [log,173] - Starting service [Tomcat]
16:50:15.546 [restartedMain] INFO  o.a.c.c.StandardEngine - [log,173] - Starting Servlet engine: [Apache Tomcat/9.0.46]
16:50:15.613 [restartedMain] INFO  o.a.c.c.C.[.[.[/] - [log,173] - Initializing Spring embedded WebApplicationContext
16:50:15.614 [restartedMain] INFO  o.s.b.w.s.c.ServletWebServerApplicationContext - [prepareWebApplicationContext,289] - Root WebApplicationContext: initialization completed in 1580 ms
16:50:15.954 [restartedMain] INFO  org.redisson.Version - [logVersion,41] - Redisson 3.15.2
16:50:16.252 [redisson-netty-2-14] INFO  o.r.c.p.MasterPubSubConnectionPool - [lambda$run$0,165] - 1 connections initialized for localhost/127.0.0.1:6379
16:50:16.256 [redisson-netty-2-18] INFO  o.r.c.p.MasterConnectionPool - [lambda$run$0,165] - 24 connections initialized for localhost/127.0.0.1:6379
16:50:16.796 [restartedMain] INFO  o.s.b.a.e.w.EndpointLinksResolver - [<init>,58] - Exposing 2 endpoint(s) beneath base path '/actuator'
16:50:16.910 [restartedMain] INFO  o.s.b.d.a.OptionalLiveReloadServer - [startServer,58] - LiveReload server is running on port 35729
16:50:17.449 [restartedMain] INFO  o.a.c.h.Http11NioProtocol - [log,173] - Starting ProtocolHandler ["http-nio-2090"]
16:50:17.456 [restartedMain] INFO  o.s.b.w.e.t.TomcatWebServer - [start,220] - Tomcat started on port(s): 2090 (http) with context path ''
16:50:17.464 [restartedMain] INFO  c.a.c.n.r.NacosServiceRegistry - [register,75] - nacos registry, edu edu-vr-service 10.0.97.173:2090 register finished
16:50:17.672 [restartedMain] INFO  c.z.e.VrServiceApplication - [logStarted,61] - Started VrServiceApplication in 4.211 seconds (JVM running for 4.904)
16:50:17.677 [restartedMain] INFO  c.z.e.VrServiceApplication - [main,22] - ---------------------------职教云VR模块启动成功---------------------------
16:50:17.923 [RMI TCP Connection(1)-10.0.97.173] INFO  o.a.c.c.C.[.[.[/] - [log,173] - Initializing Spring DispatcherServlet 'dispatcherServlet'
16:50:17.923 [RMI TCP Connection(1)-10.0.97.173] INFO  o.s.w.s.DispatcherServlet - [initServletBean,525] - Initializing Servlet 'dispatcherServlet'
16:50:17.924 [RMI TCP Connection(1)-10.0.97.173] INFO  o.s.w.s.DispatcherServlet - [initServletBean,547] - Completed initialization in 1 ms
16:50:17.941 [RMI TCP Connection(2)-10.0.97.173] INFO  c.z.h.HikariDataSource - [getConnection,110] - MyHikariCP - Starting...
16:50:18.167 [RMI TCP Connection(2)-10.0.97.173] INFO  c.z.h.HikariDataSource - [getConnection,123] - MyHikariCP - Start completed.
16:50:49.917 [SpringContextShutdownHook] INFO  c.a.c.n.r.NacosServiceRegistry - [deregister,90] - De-registering from Nacos Server now...
16:50:49.920 [SpringContextShutdownHook] INFO  c.a.c.n.r.NacosServiceRegistry - [deregister,110] - De-registration finished.
